[2026-03-19T18:05:53.440Z] Türkkep Otomasyonu Başladı


Inbox taranıyor...

=== ÖZET ===
📁 QRadar taşınan:   0
🚩 QRadar bayrak:    0
🟠 Platin etiketli: 0
🗑️  Service Desk silinen: 0
[2026-03-19T18:06:19.564Z] Tamamlandı.
[2026-03-19T19:06:20.295Z] Türkkep Otomasyonu Başladı


Inbox taranıyor...
📁 QRadar taşındı: TURKKEP: Authentication: An Account was Locked out [DE.CM.3] [TA0001] 
📁 QRadar taşındı: TURKKEP: Authentication: An Account was Locked out [DE.CM.3] [TA0001] 
📁 QRadar taşındı: TURKKEP: Authentication: An Account was Locked out [DE.CM.3] [TA0001] 
📁 QRadar taşındı: TURKKEP: Authentication: An Account was Locked out [DE.CM.3] [TA0001] 

=== ÖZET ===
📁 QRadar taşınan:   4
🚩 QRadar bayrak:    0
🟠 Platin etiketli: 0
🗑️  Service Desk silinen: 0
[2026-03-19T19:06:39.307Z] Tamamlandı.
[2026-03-19T20:06:39.840Z] Türkkep Otomasyonu Başladı


Inbox taranıyor...
📁 QRadar taşındı: TURKKEP: Authentication: An Account was Locked out [DE.CM.3] [TA0001] 

=== ÖZET ===
📁 QRadar taşınan:   1
🚩 QRadar bayrak:    0
🟠 Platin etiketli: 0
🗑️  Service Desk silinen: 0
[2026-03-19T20:07:01.446Z] Tamamlandı.
[2026-03-19T21:07:01.947Z] Türkkep Otomasyonu Başladı


Inbox taranıyor...

=== ÖZET ===
📁 QRadar taşınan:   0
🚩 QRadar bayrak:    0
🟠 Platin etiketli: 0
🗑️  Service Desk silinen: 0
[2026-03-19T21:07:20.282Z] Tamamlandı.
[2026-03-19T22:07:20.811Z] Türkkep Otomasyonu Başladı


Inbox taranıyor...

=== ÖZET ===
📁 QRadar taşınan:   0
🚩 QRadar bayrak:    0
🟠 Platin etiketli: 0
🗑️  Service Desk silinen: 0
[2026-03-19T22:07:40.153Z] Tamamlandı.
[2026-03-19T23:07:40.831Z] Türkkep Otomasyonu Başladı


Inbox taranıyor...

=== ÖZET ===
📁 QRadar taşınan:   0
🚩 QRadar bayrak:    0
🟠 Platin etiketli: 0
🗑️  Service Desk silinen: 0
[2026-03-19T23:07:57.155Z] Tamamlandı.
[2026-03-20T00:07:57.745Z] Türkkep Otomasyonu Başladı


Inbox taranıyor...

=== ÖZET ===
📁 QRadar taşınan:   0
🚩 QRadar bayrak:    0
🟠 Platin etiketli: 0
🗑️  Service Desk silinen: 0
[2026-03-20T00:08:13.342Z] Tamamlandı.
[2026-03-20T01:08:13.913Z] Türkkep Otomasyonu Başladı


Inbox taranıyor...

=== ÖZET ===
📁 QRadar taşınan:   0
🚩 QRadar bayrak:    0
🟠 Platin etiketli: 0
🗑️  Service Desk silinen: 0
[2026-03-20T01:08:31.593Z] Tamamlandı.
[2026-03-20T02:08:32.320Z] Türkkep Otomasyonu Başladı


Inbox taranıyor...

=== ÖZET ===
📁 QRadar taşınan:   0
🚩 QRadar bayrak:    0
🟠 Platin etiketli: 0
🗑️  Service Desk silinen: 0
[2026-03-20T02:08:51.814Z] Tamamlandı.
[2026-03-20T03:08:52.359Z] Türkkep Otomasyonu Başladı


Inbox taranıyor...

=== ÖZET ===
📁 QRadar taşınan:   0
🚩 QRadar bayrak:    0
🟠 Platin etiketli: 0
🗑️  Service Desk silinen: 0
[2026-03-20T03:09:10.956Z] Tamamlandı.
[2026-03-20T04:09:11.537Z] Türkkep Otomasyonu Başladı


Inbox taranıyor...

=== ÖZET ===
📁 QRadar taşınan:   0
🚩 QRadar bayrak:    0
🟠 Platin etiketli: 0
🗑️  Service Desk silinen: 0
[2026-03-20T04:09:36.341Z] Tamamlandı.
[2026-03-20T05:09:36.899Z] Türkkep Otomasyonu Başladı


Inbox taranıyor...

=== ÖZET ===
📁 QRadar taşınan:   0
🚩 QRadar bayrak:    0
🟠 Platin etiketli: 0
🗑️  Service Desk silinen: 0
[2026-03-20T05:09:53.149Z] Tamamlandı.
[2026-03-20T06:09:54.456Z] Türkkep Otomasyonu Başladı


Inbox taranıyor...

=== ÖZET ===
📁 QRadar taşınan:   0
🚩 QRadar bayrak:    0
🟠 Platin etiketli: 0
🗑️  Service Desk silinen: 0
[2026-03-20T06:10:13.434Z] Tamamlandı.
[2026-03-20T07:10:13.961Z] Türkkep Otomasyonu Başladı


Inbox taranıyor...

=== ÖZET ===
📁 QRadar taşınan:   0
🚩 QRadar bayrak:    0
🟠 Platin etiketli: 0
🗑️  Service Desk silinen: 0
[2026-03-20T07:10:32.056Z] Tamamlandı.
[2026-03-20T08:10:32.521Z] Türkkep Otomasyonu Başladı


Inbox taranıyor...

=== ÖZET ===
📁 QRadar taşınan:   0
🚩 QRadar bayrak:    0
🟠 Platin etiketli: 0
🗑️  Service Desk silinen: 0
[2026-03-20T08:10:51.131Z] Tamamlandı.
[2026-03-20T09:10:51.642Z] Türkkep Otomasyonu Başladı


Inbox taranıyor...

=== ÖZET ===
📁 QRadar taşınan:   0
🚩 QRadar bayrak:    0
🟠 Platin etiketli: 0
🗑️  Service Desk silinen: 0
[2026-03-20T09:11:08.458Z] Tamamlandı.
[2026-03-20T10:11:09.007Z] Türkkep Otomasyonu Başladı


Inbox taranıyor...

=== ÖZET ===
📁 QRadar taşınan:   0
🚩 QRadar bayrak:    0
🟠 Platin etiketli: 0
🗑️  Service Desk silinen: 0
[2026-03-20T10:11:25.561Z] Tamamlandı.
[2026-03-20T11:11:26.134Z] Türkkep Otomasyonu Başladı


Inbox taranıyor...

=== ÖZET ===
📁 QRadar taşınan:   0
🚩 QRadar bayrak:    0
🟠 Platin etiketli: 0
🗑️  Service Desk silinen: 0
[2026-03-20T11:11:44.019Z] Tamamlandı.
[2026-03-20T12:11:44.601Z] Türkkep Otomasyonu Başladı


Inbox taranıyor...

=== ÖZET ===
📁 QRadar taşınan:   0
🚩 QRadar bayrak:    0
🟠 Platin etiketli: 0
🗑️  Service Desk silinen: 0
[2026-03-20T12:11:59.156Z] Tamamlandı.
[2026-03-20T13:11:59.651Z] Türkkep Otomasyonu Başladı


Inbox taranıyor...

=== ÖZET ===
📁 QRadar taşınan:   0
🚩 QRadar bayrak:    0
🟠 Platin etiketli: 0
🗑️  Service Desk silinen: 0
[2026-03-20T13:12:15.408Z] Tamamlandı.
[2026-03-20T14:12:15.939Z] Türkkep Otomasyonu Başladı


Inbox taranıyor...

=== ÖZET ===
📁 QRadar taşınan:   0
🚩 QRadar bayrak:    0
🟠 Platin etiketli: 0
🗑️  Service Desk silinen: 0
[2026-03-20T14:12:29.888Z] Tamamlandı.
[2026-03-20T15:12:30.342Z] Türkkep Otomasyonu Başladı


Inbox taranıyor...

=== ÖZET ===
📁 QRadar taşınan:   0
🚩 QRadar bayrak:    0
🟠 Platin etiketli: 0
🗑️  Service Desk silinen: 0
[2026-03-20T15:12:44.719Z] Tamamlandı.
[2026-03-20T16:12:45.208Z] Türkkep Otomasyonu Başladı


Inbox taranıyor...

=== ÖZET ===
📁 QRadar taşınan:   0
🚩 QRadar bayrak:    0
🟠 Platin etiketli: 0
🗑️  Service Desk silinen: 0
[2026-03-20T16:13:00.312Z] Tamamlandı.
[2026-03-20T17:13:00.896Z] Türkkep Otomasyonu Başladı


Inbox taranıyor...

=== ÖZET ===
📁 QRadar taşınan:   0
🚩 QRadar bayrak:    0
🟠 Platin etiketli: 0
🗑️  Service Desk silinen: 0
[2026-03-20T17:13:24.321Z] Tamamlandı.
[2026-03-20T18:13:24.864Z] Türkkep Otomasyonu Başladı


Inbox taranıyor...

=== ÖZET ===
📁 QRadar taşınan:   0
🚩 QRadar bayrak:    0
🟠 Platin etiketli: 0
🗑️  Service Desk silinen: 0
[2026-03-20T18:13:45.010Z] Tamamlandı.
[2026-03-20T19:13:45.476Z] Türkkep Otomasyonu Başladı


Inbox taranıyor...

=== ÖZET ===
📁 QRadar taşınan:   0
🚩 QRadar bayrak:    0
🟠 Platin etiketli: 0
🗑️  Service Desk silinen: 0
[2026-03-20T19:14:01.148Z] Tamamlandı.
[2026-03-20T20:14:01.720Z] Türkkep Otomasyonu Başladı


Inbox taranıyor...

=== ÖZET ===
📁 QRadar taşınan:   0
🚩 QRadar bayrak:    0
🟠 Platin etiketli: 0
🗑️  Service Desk silinen: 0
[2026-03-20T20:14:17.158Z] Tamamlandı.
[2026-03-20T21:14:17.734Z] Türkkep Otomasyonu Başladı


Inbox taranıyor...

=== ÖZET ===
📁 QRadar taşınan:   0
🚩 QRadar bayrak:    0
🟠 Platin etiketli: 0
🗑️  Service Desk silinen: 0
[2026-03-20T21:14:32.692Z] Tamamlandı.
[2026-03-21T07:29:28.163Z] Türkkep Otomasyonu Başladı


Inbox taranıyor...

=== ÖZET ===
📁 QRadar taşınan:   0
🚩 QRadar bayrak:    0
🟠 Platin etiketli: 0
🗑️  Service Desk silinen: 0
[2026-03-21T07:29:43.344Z] Tamamlandı.
[2026-03-21T07:39:37.333Z] Türkkep Otomasyonu Başladı


Inbox taranıyor...

=== ÖZET ===
📁 QRadar taşınan:   0
🚩 QRadar bayrak:    0
🟠 Platin etiketli: 0
🗑️  Service Desk silinen: 0
[2026-03-21T07:39:52.307Z] Tamamlandı.
[2026-03-21T08:39:52.809Z] Türkkep Otomasyonu Başladı


Inbox taranıyor...

=== ÖZET ===
📁 QRadar taşınan:   0
🚩 QRadar bayrak:    0
🟠 Platin etiketli: 0
🗑️  Service Desk silinen: 0
[2026-03-21T08:40:07.131Z] Tamamlandı.
[2026-03-21T09:40:07.705Z] Türkkep Otomasyonu Başladı


Inbox taranıyor...

=== ÖZET ===
📁 QRadar taşınan:   0
🚩 QRadar bayrak:    0
🟠 Platin etiketli: 0
🗑️  Service Desk silinen: 0
[2026-03-21T09:40:21.147Z] Tamamlandı.
[2026-03-21T10:40:21.667Z] Türkkep Otomasyonu Başladı


Inbox taranıyor...

=== ÖZET ===
📁 QRadar taşınan:   0
🚩 QRadar bayrak:    0
🟠 Platin etiketli: 0
🗑️  Service Desk silinen: 0
[2026-03-21T10:40:35.598Z] Tamamlandı.
[2026-03-21T11:40:36.159Z] Türkkep Otomasyonu Başladı


Inbox taranıyor...

=== ÖZET ===
📁 QRadar taşınan:   0
🚩 QRadar bayrak:    0
🟠 Platin etiketli: 0
🗑️  Service Desk silinen: 0
[2026-03-21T11:40:50.295Z] Tamamlandı.
[2026-03-21T12:40:50.768Z] Türkkep Otomasyonu Başladı


Inbox taranıyor...

=== ÖZET ===
📁 QRadar taşınan:   0
🚩 QRadar bayrak:    0
🟠 Platin etiketli: 0
🗑️  Service Desk silinen: 0
[2026-03-21T12:41:03.500Z] Tamamlandı.
[2026-03-21T13:41:03.966Z] Türkkep Otomasyonu Başladı


Inbox taranıyor...

=== ÖZET ===
📁 QRadar taşınan:   0
🚩 QRadar bayrak:    0
🟠 Platin etiketli: 0
🗑️  Service Desk silinen: 0
[2026-03-21T13:41:16.395Z] Tamamlandı.
[2026-03-21T14:41:16.974Z] Türkkep Otomasyonu Başladı


Inbox taranıyor...

=== ÖZET ===
📁 QRadar taşınan:   0
🚩 QRadar bayrak:    0
🟠 Platin etiketli: 0
🗑️  Service Desk silinen: 0
[2026-03-21T14:41:29.702Z] Tamamlandı.
[2026-03-21T15:41:30.213Z] Türkkep Otomasyonu Başladı


Inbox taranıyor...

=== ÖZET ===
📁 QRadar taşınan:   0
🚩 QRadar bayrak:    0
🟠 Platin etiketli: 0
🗑️  Service Desk silinen: 0
[2026-03-21T15:41:43.083Z] Tamamlandı.
[2026-03-21T16:41:43.766Z] Türkkep Otomasyonu Başladı


Inbox taranıyor...

=== ÖZET ===
📁 QRadar taşınan:   0
🚩 QRadar bayrak:    0
🟠 Platin etiketli: 0
🗑️  Service Desk silinen: 0
[2026-03-21T16:41:56.903Z] Tamamlandı.
[2026-03-21T17:41:57.363Z] Türkkep Otomasyonu Başladı


Inbox taranıyor...

=== ÖZET ===
📁 QRadar taşınan:   0
🚩 QRadar bayrak:    0
🟠 Platin etiketli: 0
🗑️  Service Desk silinen: 0
[2026-03-21T17:42:10.308Z] Tamamlandı.
[2026-03-21T18:42:10.856Z] Türkkep Otomasyonu Başladı


Inbox taranıyor...

=== ÖZET ===
📁 QRadar taşınan:   0
🚩 QRadar bayrak:    0
🟠 Platin etiketli: 0
🗑️  Service Desk silinen: 0
[2026-03-21T18:42:23.278Z] Tamamlandı.
[2026-03-21T19:42:23.775Z] Türkkep Otomasyonu Başladı


Inbox taranıyor...

=== ÖZET ===
📁 QRadar taşınan:   0
🚩 QRadar bayrak:    0
🟠 Platin etiketli: 0
🗑️  Service Desk silinen: 0
[2026-03-21T19:42:39.692Z] Tamamlandı.
[2026-03-21T20:42:40.265Z] Türkkep Otomasyonu Başladı


Inbox taranıyor...

=== ÖZET ===
📁 QRadar taşınan:   0
🚩 QRadar bayrak:    0
🟠 Platin etiketli: 0
🗑️  Service Desk silinen: 0
[2026-03-21T20:42:56.879Z] Tamamlandı.
[2026-03-21T21:42:57.412Z] Türkkep Otomasyonu Başladı


Inbox taranıyor...

=== ÖZET ===
📁 QRadar taşınan:   0
🚩 QRadar bayrak:    0
🟠 Platin etiketli: 0
🗑️  Service Desk silinen: 0
[2026-03-21T21:43:11.598Z] Tamamlandı.
[2026-03-21T22:43:12.176Z] Türkkep Otomasyonu Başladı


Inbox taranıyor...

=== ÖZET ===
📁 QRadar taşınan:   0
🚩 QRadar bayrak:    0
🟠 Platin etiketli: 0
🗑️  Service Desk silinen: 0
[2026-03-21T22:43:26.235Z] Tamamlandı.
[2026-03-21T23:43:26.762Z] Türkkep Otomasyonu Başladı


Inbox taranıyor...

=== ÖZET ===
📁 QRadar taşınan:   0
🚩 QRadar bayrak:    0
🟠 Platin etiketli: 0
🗑️  Service Desk silinen: 0
[2026-03-21T23:43:39.405Z] Tamamlandı.
[2026-03-22T00:43:39.990Z] Türkkep Otomasyonu Başladı


Inbox taranıyor...

=== ÖZET ===
📁 QRadar taşınan:   0
🚩 QRadar bayrak:    0
🟠 Platin etiketli: 0
🗑️  Service Desk silinen: 0
[2026-03-22T00:43:53.072Z] Tamamlandı.
[2026-03-22T01:43:53.630Z] Türkkep Otomasyonu Başladı


Inbox taranıyor...

=== ÖZET ===
📁 QRadar taşınan:   0
🚩 QRadar bayrak:    0
🟠 Platin etiketli: 0
🗑️  Service Desk silinen: 0
[2026-03-22T01:44:06.094Z] Tamamlandı.
[2026-03-22T02:44:06.581Z] Türkkep Otomasyonu Başladı


Inbox taranıyor...

=== ÖZET ===
📁 QRadar taşınan:   0
🚩 QRadar bayrak:    0
🟠 Platin etiketli: 0
🗑️  Service Desk silinen: 0
[2026-03-22T02:44:19.740Z] Tamamlandı.
[2026-03-22T03:44:20.204Z] Türkkep Otomasyonu Başladı


Inbox taranıyor...

=== ÖZET ===
📁 QRadar taşınan:   0
🚩 QRadar bayrak:    0
🟠 Platin etiketli: 0
🗑️  Service Desk silinen: 0
[2026-03-22T03:44:35.142Z] Tamamlandı.
[2026-03-22T04:44:35.692Z] Türkkep Otomasyonu Başladı


Inbox taranıyor...

=== ÖZET ===
📁 QRadar taşınan:   0
🚩 QRadar bayrak:    0
🟠 Platin etiketli: 0
🗑️  Service Desk silinen: 0
[2026-03-22T04:44:49.043Z] Tamamlandı.
[2026-03-22T05:44:49.536Z] Türkkep Otomasyonu Başladı


Inbox taranıyor...

=== ÖZET ===
📁 QRadar taşınan:   0
🚩 QRadar bayrak:    0
🟠 Platin etiketli: 0
🗑️  Service Desk silinen: 0
[2026-03-22T05:45:02.127Z] Tamamlandı.
[2026-03-22T06:45:02.630Z] Türkkep Otomasyonu Başladı


Inbox taranıyor...

=== ÖZET ===
📁 QRadar taşınan:   0
🚩 QRadar bayrak:    0
🟠 Platin etiketli: 0
🗑️  Service Desk silinen: 0
[2026-03-22T06:45:16.018Z] Tamamlandı.
[2026-03-22T07:45:16.572Z] Türkkep Otomasyonu Başladı


Inbox taranıyor...

=== ÖZET ===
📁 QRadar taşınan:   0
🚩 QRadar bayrak:    0
🟠 Platin etiketli: 0
🗑️  Service Desk silinen: 0
[2026-03-22T07:45:29.491Z] Tamamlandı.
[2026-03-22T08:45:30.060Z] Türkkep Otomasyonu Başladı


Inbox taranıyor...

=== ÖZET ===
📁 QRadar taşınan:   0
🚩 QRadar bayrak:    0
🟠 Platin etiketli: 0
🗑️  Service Desk silinen: 0
[2026-03-22T08:45:42.420Z] Tamamlandı.
[2026-03-22T09:45:42.986Z] Türkkep Otomasyonu Başladı


Inbox taranıyor...

=== ÖZET ===
📁 QRadar taşınan:   0
🚩 QRadar bayrak:    0
🟠 Platin etiketli: 0
🗑️  Service Desk silinen: 0
[2026-03-22T09:45:55.706Z] Tamamlandı.
[2026-03-22T10:45:56.207Z] Türkkep Otomasyonu Başladı


Inbox taranıyor...

=== ÖZET ===
📁 QRadar taşınan:   0
🚩 QRadar bayrak:    0
🟠 Platin etiketli: 0
🗑️  Service Desk silinen: 0
[2026-03-22T10:46:09.044Z] Tamamlandı.
[2026-03-22T11:46:09.535Z] Türkkep Otomasyonu Başladı


Inbox taranıyor...

=== ÖZET ===
📁 QRadar taşınan:   0
🚩 QRadar bayrak:    0
🟠 Platin etiketli: 0
🗑️  Service Desk silinen: 0
[2026-03-22T11:46:21.728Z] Tamamlandı.
[2026-03-22T12:46:22.222Z] Türkkep Otomasyonu Başladı


Inbox taranıyor...

=== ÖZET ===
📁 QRadar taşınan:   0
🚩 QRadar bayrak:    0
🟠 Platin etiketli: 0
🗑️  Service Desk silinen: 0
[2026-03-22T12:46:34.944Z] Tamamlandı.
[2026-03-22T13:46:35.443Z] Türkkep Otomasyonu Başladı


Inbox taranıyor...

=== ÖZET ===
📁 QRadar taşınan:   0
🚩 QRadar bayrak:    0
🟠 Platin etiketli: 0
🗑️  Service Desk silinen: 0
[2026-03-22T13:46:48.845Z] Tamamlandı.
[2026-03-22T14:46:49.411Z] Türkkep Otomasyonu Başladı


Inbox taranıyor...

=== ÖZET ===
📁 QRadar taşınan:   0
🚩 QRadar bayrak:    0
🟠 Platin etiketli: 0
🗑️  Service Desk silinen: 0
[2026-03-22T14:47:02.726Z] Tamamlandı.
[2026-03-22T15:47:03.303Z] Türkkep Otomasyonu Başladı


Inbox taranıyor...

=== ÖZET ===
📁 QRadar taşınan:   0
🚩 QRadar bayrak:    0
🟠 Platin etiketli: 0
🗑️  Service Desk silinen: 0
[2026-03-22T15:47:16.596Z] Tamamlandı.
[2026-03-22T16:47:17.152Z] Türkkep Otomasyonu Başladı


Inbox taranıyor...

=== ÖZET ===
📁 QRadar taşınan:   0
🚩 QRadar bayrak:    0
🟠 Platin etiketli: 0
🗑️  Service Desk silinen: 0
[2026-03-22T16:47:30.087Z] Tamamlandı.
[2026-03-22T17:47:30.644Z] Türkkep Otomasyonu Başladı


Inbox taranıyor...

=== ÖZET ===
📁 QRadar taşınan:   0
🚩 QRadar bayrak:    0
🟠 Platin etiketli: 0
🗑️  Service Desk silinen: 0
[2026-03-22T17:47:43.242Z] Tamamlandı.
[2026-03-22T18:47:43.817Z] Türkkep Otomasyonu Başladı


Inbox taranıyor...

=== ÖZET ===
📁 QRadar taşınan:   0
🚩 QRadar bayrak:    0
🟠 Platin etiketli: 0
🗑️  Service Desk silinen: 0
[2026-03-22T18:47:57.487Z] Tamamlandı.
[2026-03-22T19:47:58.007Z] Türkkep Otomasyonu Başladı


Inbox taranıyor...

=== ÖZET ===
📁 QRadar taşınan:   0
🚩 QRadar bayrak:    0
🟠 Platin etiketli: 0
🗑️  Service Desk silinen: 0
[2026-03-22T19:48:10.748Z] Tamamlandı.
[2026-03-22T20:48:11.318Z] Türkkep Otomasyonu Başladı


Inbox taranıyor...

=== ÖZET ===
📁 QRadar taşınan:   0
🚩 QRadar bayrak:    0
🟠 Platin etiketli: 0
🗑️  Service Desk silinen: 0
[2026-03-22T20:48:25.002Z] Tamamlandı.
[2026-03-22T21:48:25.567Z] Türkkep Otomasyonu Başladı


Inbox taranıyor...

=== ÖZET ===
📁 QRadar taşınan:   0
🚩 QRadar bayrak:    0
🟠 Platin etiketli: 0
🗑️  Service Desk silinen: 0
[2026-03-22T21:48:38.284Z] Tamamlandı.
[2026-03-22T22:48:38.831Z] Türkkep Otomasyonu Başladı


Inbox taranıyor...

=== ÖZET ===
📁 QRadar taşınan:   0
🚩 QRadar bayrak:    0
🟠 Platin etiketli: 0
🗑️  Service Desk silinen: 0
[2026-03-22T22:48:53.181Z] Tamamlandı.
[2026-03-22T23:48:53.640Z] Türkkep Otomasyonu Başladı


Inbox taranıyor...

=== ÖZET ===
📁 QRadar taşınan:   0
🚩 QRadar bayrak:    0
🟠 Platin etiketli: 0
🗑️  Service Desk silinen: 0
[2026-03-22T23:49:06.834Z] Tamamlandı.
[2026-03-23T00:49:07.335Z] Türkkep Otomasyonu Başladı


Inbox taranıyor...

=== ÖZET ===
📁 QRadar taşınan:   0
🚩 QRadar bayrak:    0
🟠 Platin etiketli: 0
🗑️  Service Desk silinen: 0
[2026-03-23T00:49:20.840Z] Tamamlandı.
[2026-03-23T01:49:21.397Z] Türkkep Otomasyonu Başladı


Inbox taranıyor...

=== ÖZET ===
📁 QRadar taşınan:   0
🚩 QRadar bayrak:    0
🟠 Platin etiketli: 0
🗑️  Service Desk silinen: 0
[2026-03-23T01:49:37.984Z] Tamamlandı.
[2026-03-23T02:49:38.495Z] Türkkep Otomasyonu Başladı


Inbox taranıyor...

=== ÖZET ===
📁 QRadar taşınan:   0
🚩 QRadar bayrak:    0
🟠 Platin etiketli: 0
🗑️  Service Desk silinen: 0
[2026-03-23T02:49:52.643Z] Tamamlandı.
[2026-03-23T03:49:53.148Z] Türkkep Otomasyonu Başladı


Inbox taranıyor...

=== ÖZET ===
📁 QRadar taşınan:   0
🚩 QRadar bayrak:    0
🟠 Platin etiketli: 0
🗑️  Service Desk silinen: 0
[2026-03-23T03:50:01.755Z] Tamamlandı.
[2026-03-23T04:50:02.326Z] Türkkep Otomasyonu Başladı


Inbox taranıyor...

=== ÖZET ===
📁 QRadar taşınan:   0
🚩 QRadar bayrak:    0
🟠 Platin etiketli: 0
🗑️  Service Desk silinen: 0
[2026-03-23T04:50:15.675Z] Tamamlandı.
[2026-03-23T05:50:16.166Z] Türkkep Otomasyonu Başladı


Inbox taranıyor...

=== ÖZET ===
📁 QRadar taşınan:   0
🚩 QRadar bayrak:    0
🟠 Platin etiketli: 0
🗑️  Service Desk silinen: 0
[2026-03-23T05:50:31.796Z] Tamamlandı.
[2026-03-23T06:50:32.367Z] Türkkep Otomasyonu Başladı


Inbox taranıyor...

=== ÖZET ===
📁 QRadar taşınan:   0
🚩 QRadar bayrak:    0
🟠 Platin etiketli: 0
🗑️  Service Desk silinen: 0
[2026-03-23T06:50:49.850Z] Tamamlandı.
[2026-03-23T07:50:50.471Z] Türkkep Otomasyonu Başladı


Inbox taranıyor...

=== ÖZET ===
📁 QRadar taşınan:   0
🚩 QRadar bayrak:    0
🟠 Platin etiketli: 0
🗑️  Service Desk silinen: 0
[2026-03-23T07:51:08.228Z] Tamamlandı.
[2026-03-23T08:51:08.792Z] Türkkep Otomasyonu Başladı


Inbox taranıyor...

=== ÖZET ===
📁 QRadar taşınan:   0
🚩 QRadar bayrak:    0
🟠 Platin etiketli: 0
🗑️  Service Desk silinen: 0
[2026-03-23T08:51:25.884Z] Tamamlandı.
[2026-03-23T09:51:26.501Z] Türkkep Otomasyonu Başladı


Inbox taranıyor...

=== ÖZET ===
📁 QRadar taşınan:   0
🚩 QRadar bayrak:    0
🟠 Platin etiketli: 0
🗑️  Service Desk silinen: 0
[2026-03-23T09:51:50.622Z] Tamamlandı.
[2026-03-23T10:51:51.334Z] Türkkep Otomasyonu Başladı


Inbox taranıyor...

=== ÖZET ===
📁 QRadar taşınan:   0
🚩 QRadar bayrak:    0
🟠 Platin etiketli: 0
🗑️  Service Desk silinen: 0
[2026-03-23T10:52:11.050Z] Tamamlandı.
[2026-03-23T11:52:11.639Z] Türkkep Otomasyonu Başladı


Inbox taranıyor...

=== ÖZET ===
📁 QRadar taşınan:   0
🚩 QRadar bayrak:    0
🟠 Platin etiketli: 0
🗑️  Service Desk silinen: 0
[2026-03-23T11:52:31.583Z] Tamamlandı.
[2026-03-23T12:52:32.119Z] Türkkep Otomasyonu Başladı


Inbox taranıyor...

=== ÖZET ===
📁 QRadar taşınan:   0
🚩 QRadar bayrak:    0
🟠 Platin etiketli: 0
🗑️  Service Desk silinen: 0
[2026-03-23T12:52:48.928Z] Tamamlandı.
[2026-03-23T13:52:49.526Z] Türkkep Otomasyonu Başladı


Inbox taranıyor...

=== ÖZET ===
📁 QRadar taşınan:   0
🚩 QRadar bayrak:    0
🟠 Platin etiketli: 0
🗑️  Service Desk silinen: 0
[2026-03-23T13:53:07.538Z] Tamamlandı.
[2026-03-23T14:53:08.133Z] Türkkep Otomasyonu Başladı


Inbox taranıyor...

=== ÖZET ===
📁 QRadar taşınan:   0
🚩 QRadar bayrak:    0
🟠 Platin etiketli: 0
🗑️  Service Desk silinen: 0
[2026-03-23T14:53:26.198Z] Tamamlandı.
[2026-03-23T15:53:26.755Z] Türkkep Otomasyonu Başladı


Inbox taranıyor...

=== ÖZET ===
📁 QRadar taşınan:   0
🚩 QRadar bayrak:    0
🟠 Platin etiketli: 0
🗑️  Service Desk silinen: 0
[2026-03-23T15:53:44.755Z] Tamamlandı.
[2026-03-23T16:53:45.320Z] Türkkep Otomasyonu Başladı


Inbox taranıyor...

=== ÖZET ===
📁 QRadar taşınan:   0
🚩 QRadar bayrak:    0
🟠 Platin etiketli: 0
🗑️  Service Desk silinen: 0
[2026-03-23T16:54:10.847Z] Tamamlandı.
[2026-03-23T17:54:11.502Z] Türkkep Otomasyonu Başladı


Inbox taranıyor...

=== ÖZET ===
📁 QRadar taşınan:   0
🚩 QRadar bayrak:    0
🟠 Platin etiketli: 0
🗑️  Service Desk silinen: 0
[2026-03-23T17:54:32.477Z] Tamamlandı.
[2026-03-23T18:54:33.101Z] Türkkep Otomasyonu Başladı


Inbox taranıyor...

=== ÖZET ===
📁 QRadar taşınan:   0
🚩 QRadar bayrak:    0
🟠 Platin etiketli: 0
🗑️  Service Desk silinen: 0
[2026-03-23T18:55:00.434Z] Tamamlandı.
[2026-03-23T19:55:00.950Z] Türkkep Otomasyonu Başladı


Inbox taranıyor...

=== ÖZET ===
📁 QRadar taşınan:   0
🚩 QRadar bayrak:    0
🟠 Platin etiketli: 0
🗑️  Service Desk silinen: 0
[2026-03-23T19:55:19.488Z] Tamamlandı.
[2026-03-23T20:55:20.100Z] Türkkep Otomasyonu Başladı


Inbox taranıyor...

=== ÖZET ===
📁 QRadar taşınan:   0
🚩 QRadar bayrak:    0
🟠 Platin etiketli: 0
🗑️  Service Desk silinen: 0
[2026-03-23T20:55:36.345Z] Tamamlandı.
[2026-03-23T21:55:37.042Z] Türkkep Otomasyonu Başladı


Inbox taranıyor...

=== ÖZET ===
📁 QRadar taşınan:   0
🚩 QRadar bayrak:    0
🟠 Platin etiketli: 0
🗑️  Service Desk silinen: 0
[2026-03-23T21:55:52.750Z] Tamamlandı.
[2026-03-23T22:55:53.291Z] Türkkep Otomasyonu Başladı


Inbox taranıyor...

=== ÖZET ===
📁 QRadar taşınan:   0
🚩 QRadar bayrak:    0
🟠 Platin etiketli: 0
🗑️  Service Desk silinen: 0
[2026-03-23T22:56:08.917Z] Tamamlandı.
[2026-03-23T23:56:09.536Z] Türkkep Otomasyonu Başladı


Inbox taranıyor...

=== ÖZET ===
📁 QRadar taşınan:   0
🚩 QRadar bayrak:    0
🟠 Platin etiketli: 0
🗑️  Service Desk silinen: 0
[2026-03-23T23:56:24.832Z] Tamamlandı.
[2026-03-24T00:56:25.548Z] Türkkep Otomasyonu Başladı


Inbox taranıyor...

=== ÖZET ===
📁 QRadar taşınan:   0
🚩 QRadar bayrak:    0
🟠 Platin etiketli: 0
🗑️  Service Desk silinen: 0
[2026-03-24T00:56:42.653Z] Tamamlandı.
[2026-03-24T01:56:43.314Z] Türkkep Otomasyonu Başladı


Inbox taranıyor...

=== ÖZET ===
📁 QRadar taşınan:   0
🚩 QRadar bayrak:    0
🟠 Platin etiketli: 0
🗑️  Service Desk silinen: 0
[2026-03-24T01:57:01.379Z] Tamamlandı.
[2026-03-24T02:57:01.977Z] Türkkep Otomasyonu Başladı


Inbox taranıyor...

=== ÖZET ===
📁 QRadar taşınan:   0
🚩 QRadar bayrak:    0
🟠 Platin etiketli: 0
🗑️  Service Desk silinen: 0
[2026-03-24T02:57:19.960Z] Tamamlandı.
[2026-03-24T03:57:20.563Z] Türkkep Otomasyonu Başladı


Inbox taranıyor...

=== ÖZET ===
📁 QRadar taşınan:   0
🚩 QRadar bayrak:    0
🟠 Platin etiketli: 0
🗑️  Service Desk silinen: 0
[2026-03-24T03:57:38.344Z] Tamamlandı.
[2026-03-24T04:57:38.927Z] Türkkep Otomasyonu Başladı


Inbox taranıyor...

=== ÖZET ===
📁 QRadar taşınan:   0
🚩 QRadar bayrak:    0
🟠 Platin etiketli: 0
🗑️  Service Desk silinen: 0
[2026-03-24T04:57:55.434Z] Tamamlandı.
[2026-03-24T05:57:55.998Z] Türkkep Otomasyonu Başladı


Inbox taranıyor...

=== ÖZET ===
📁 QRadar taşınan:   0
🚩 QRadar bayrak:    0
🟠 Platin etiketli: 0
🗑️  Service Desk silinen: 0
[2026-03-24T05:58:13.543Z] Tamamlandı.
[2026-03-24T06:58:14.094Z] Türkkep Otomasyonu Başladı


Inbox taranıyor...

=== ÖZET ===
📁 QRadar taşınan:   0
🚩 QRadar bayrak:    0
🟠 Platin etiketli: 0
🗑️  Service Desk silinen: 0
[2026-03-24T06:58:32.645Z] Tamamlandı.
[2026-03-24T07:58:33.150Z] Türkkep Otomasyonu Başladı


Inbox taranıyor...

=== ÖZET ===
📁 QRadar taşınan:   0
🚩 QRadar bayrak:    0
🟠 Platin etiketli: 0
🗑️  Service Desk silinen: 0
[2026-03-24T07:58:50.250Z] Tamamlandı.
[2026-03-24T08:58:50.871Z] Türkkep Otomasyonu Başladı


Inbox taranıyor...

=== ÖZET ===
📁 QRadar taşınan:   0
🚩 QRadar bayrak:    0
🟠 Platin etiketli: 0
🗑️  Service Desk silinen: 0
[2026-03-24T08:59:07.114Z] Tamamlandı.
[2026-03-24T09:59:07.723Z] Türkkep Otomasyonu Başladı


Inbox taranıyor...

=== ÖZET ===
📁 QRadar taşınan:   0
🚩 QRadar bayrak:    0
🟠 Platin etiketli: 0
🗑️  Service Desk silinen: 0
[2026-03-24T09:59:25.765Z] Tamamlandı.
[2026-03-24T10:59:26.318Z] Türkkep Otomasyonu Başladı


Inbox taranıyor...

=== ÖZET ===
📁 QRadar taşınan:   0
🚩 QRadar bayrak:    0
🟠 Platin etiketli: 0
🗑️  Service Desk silinen: 0
[2026-03-24T10:59:45.180Z] Tamamlandı.
[2026-03-24T11:59:45.781Z] Türkkep Otomasyonu Başladı


Inbox taranıyor...

=== ÖZET ===
📁 QRadar taşınan:   0
🚩 QRadar bayrak:    0
🟠 Platin etiketli: 0
🗑️  Service Desk silinen: 0
[2026-03-24T12:00:02.570Z] Tamamlandı.
[2026-03-24T13:00:03.215Z] Türkkep Otomasyonu Başladı


Inbox taranıyor...

=== ÖZET ===
📁 QRadar taşınan:   0
🚩 QRadar bayrak:    0
🟠 Platin etiketli: 0
🗑️  Service Desk silinen: 0
[2026-03-24T13:00:19.833Z] Tamamlandı.
[2026-03-24T14:00:20.304Z] Türkkep Otomasyonu Başladı


Inbox taranıyor...

=== ÖZET ===
📁 QRadar taşınan:   0
🚩 QRadar bayrak:    0
🟠 Platin etiketli: 0
🗑️  Service Desk silinen: 0
[2026-03-24T14:00:38.060Z] Tamamlandı.
[2026-03-24T15:00:38.647Z] Türkkep Otomasyonu Başladı


Inbox taranıyor...

=== ÖZET ===
📁 QRadar taşınan:   0
🚩 QRadar bayrak:    0
🟠 Platin etiketli: 0
🗑️  Service Desk silinen: 0
[2026-03-24T15:00:55.086Z] Tamamlandı.
[2026-03-24T16:00:55.542Z] Türkkep Otomasyonu Başladı


Inbox taranıyor...

=== ÖZET ===
📁 QRadar taşınan:   0
🚩 QRadar bayrak:    0
🟠 Platin etiketli: 0
🗑️  Service Desk silinen: 0
[2026-03-24T16:01:09.560Z] Tamamlandı.
[2026-03-24T17:01:10.142Z] Türkkep Otomasyonu Başladı


Inbox taranıyor...

=== ÖZET ===
📁 QRadar taşınan:   0
🚩 QRadar bayrak:    0
🟠 Platin etiketli: 0
🗑️  Service Desk silinen: 0
[2026-03-24T17:01:23.349Z] Tamamlandı.
[2026-03-24T18:01:23.894Z] Türkkep Otomasyonu Başladı


Inbox taranıyor...

=== ÖZET ===
📁 QRadar taşınan:   0
🚩 QRadar bayrak:    0
🟠 Platin etiketli: 0
🗑️  Service Desk silinen: 0
[2026-03-24T18:01:38.068Z] Tamamlandı.
[2026-03-24T19:01:38.837Z] Türkkep Otomasyonu Başladı


Inbox taranıyor...

=== ÖZET ===
📁 QRadar taşınan:   0
🚩 QRadar bayrak:    0
🟠 Platin etiketli: 0
🗑️  Service Desk silinen: 0
[2026-03-24T19:01:54.673Z] Tamamlandı.
[2026-03-24T20:01:55.275Z] Türkkep Otomasyonu Başladı


Inbox taranıyor...

=== ÖZET ===
📁 QRadar taşınan:   0
🚩 QRadar bayrak:    0
🟠 Platin etiketli: 0
🗑️  Service Desk silinen: 0
[2026-03-24T20:02:09.288Z] Tamamlandı.
[2026-03-24T21:02:09.931Z] Türkkep Otomasyonu Başladı


Inbox taranıyor...

=== ÖZET ===
📁 QRadar taşınan:   0
🚩 QRadar bayrak:    0
🟠 Platin etiketli: 0
🗑️  Service Desk silinen: 0
[2026-03-24T21:02:26.218Z] Tamamlandı.
[2026-03-24T22:02:26.872Z] Türkkep Otomasyonu Başladı


Inbox taranıyor...

=== ÖZET ===
📁 QRadar taşınan:   0
🚩 QRadar bayrak:    0
🟠 Platin etiketli: 0
🗑️  Service Desk silinen: 0
[2026-03-24T22:02:41.842Z] Tamamlandı.
[2026-03-24T23:02:42.516Z] Türkkep Otomasyonu Başladı


Inbox taranıyor...

=== ÖZET ===
📁 QRadar taşınan:   0
🚩 QRadar bayrak:    0
🟠 Platin etiketli: 0
🗑️  Service Desk silinen: 0
[2026-03-24T23:03:05.818Z] Tamamlandı.
[2026-03-25T00:03:06.402Z] Türkkep Otomasyonu Başladı


Inbox taranıyor...

=== ÖZET ===
📁 QRadar taşınan:   0
🚩 QRadar bayrak:    0
🟠 Platin etiketli: 0
🗑️  Service Desk silinen: 0
[2026-03-25T00:03:20.446Z] Tamamlandı.
[2026-03-25T01:03:21.026Z] Türkkep Otomasyonu Başladı


Inbox taranıyor...

=== ÖZET ===
📁 QRadar taşınan:   0
🚩 QRadar bayrak:    0
🟠 Platin etiketli: 0
🗑️  Service Desk silinen: 0
[2026-03-25T01:03:37.346Z] Tamamlandı.
[2026-03-25T02:03:37.860Z] Türkkep Otomasyonu Başladı


Inbox taranıyor...

=== ÖZET ===
📁 QRadar taşınan:   0
🚩 QRadar bayrak:    0
🟠 Platin etiketli: 0
🗑️  Service Desk silinen: 0
[2026-03-25T02:03:53.543Z] Tamamlandı.
[2026-03-25T03:03:54.014Z] Türkkep Otomasyonu Başladı


Inbox taranıyor...

=== ÖZET ===
📁 QRadar taşınan:   0
🚩 QRadar bayrak:    0
🟠 Platin etiketli: 0
🗑️  Service Desk silinen: 0
[2026-03-25T03:04:08.617Z] Tamamlandı.
[2026-03-25T04:04:09.131Z] Türkkep Otomasyonu Başladı


Inbox taranıyor...

=== ÖZET ===
📁 QRadar taşınan:   0
🚩 QRadar bayrak:    0
🟠 Platin etiketli: 0
🗑️  Service Desk silinen: 0
[2026-03-25T04:04:21.896Z] Tamamlandı.
[2026-03-25T05:04:22.348Z] Türkkep Otomasyonu Başladı


Inbox taranıyor...

=== ÖZET ===
📁 QRadar taşınan:   0
🚩 QRadar bayrak:    0
🟠 Platin etiketli: 0
🗑️  Service Desk silinen: 0
[2026-03-25T05:04:38.277Z] Tamamlandı.
[2026-03-25T06:04:38.899Z] Türkkep Otomasyonu Başladı


Inbox taranıyor...

=== ÖZET ===
📁 QRadar taşınan:   0
🚩 QRadar bayrak:    0
🟠 Platin etiketli: 0
🗑️  Service Desk silinen: 0
[2026-03-25T06:04:53.476Z] Tamamlandı.
[2026-03-25T07:04:54.087Z] Türkkep Otomasyonu Başladı


Inbox taranıyor...

=== ÖZET ===
📁 QRadar taşınan:   0
🚩 QRadar bayrak:    0
🟠 Platin etiketli: 0
🗑️  Service Desk silinen: 0
[2026-03-25T07:05:08.972Z] Tamamlandı.
[2026-03-25T08:05:09.593Z] Türkkep Otomasyonu Başladı


Inbox taranıyor...

=== ÖZET ===
📁 QRadar taşınan:   0
🚩 QRadar bayrak:    0
🟠 Platin etiketli: 0
🗑️  Service Desk silinen: 0
[2026-03-25T08:05:25.467Z] Tamamlandı.
[2026-03-25T09:05:26.014Z] Türkkep Otomasyonu Başladı


Inbox taranıyor...

=== ÖZET ===
📁 QRadar taşınan:   0
🚩 QRadar bayrak:    0
🟠 Platin etiketli: 0
🗑️  Service Desk silinen: 0
[2026-03-25T09:05:45.104Z] Tamamlandı.
[2026-03-25T10:05:45.597Z] Türkkep Otomasyonu Başladı


Inbox taranıyor...

=== ÖZET ===
📁 QRadar taşınan:   0
🚩 QRadar bayrak:    0
🟠 Platin etiketli: 0
🗑️  Service Desk silinen: 0
[2026-03-25T10:06:03.364Z] Tamamlandı.
[2026-03-25T11:06:03.976Z] Türkkep Otomasyonu Başladı


Inbox taranıyor...

=== ÖZET ===
📁 QRadar taşınan:   0
🚩 QRadar bayrak:    0
🟠 Platin etiketli: 0
🗑️  Service Desk silinen: 0
[2026-03-25T11:06:18.542Z] Tamamlandı.
[2026-03-25T12:06:19.140Z] Türkkep Otomasyonu Başladı


Inbox taranıyor...

=== ÖZET ===
📁 QRadar taşınan:   0
🚩 QRadar bayrak:    0
🟠 Platin etiketli: 0
🗑️  Service Desk silinen: 0
[2026-03-25T12:06:35.485Z] Tamamlandı.
[2026-03-25T13:06:36.070Z] Türkkep Otomasyonu Başladı


Inbox taranıyor...

=== ÖZET ===
📁 QRadar taşınan:   0
🚩 QRadar bayrak:    0
🟠 Platin etiketli: 0
🗑️  Service Desk silinen: 0
[2026-03-25T13:06:52.858Z] Tamamlandı.
[2026-03-25T14:06:53.499Z] Türkkep Otomasyonu Başladı


Inbox taranıyor...

=== ÖZET ===
📁 QRadar taşınan:   0
🚩 QRadar bayrak:    0
🟠 Platin etiketli: 0
🗑️  Service Desk silinen: 0
[2026-03-25T14:07:08.606Z] Tamamlandı.
[2026-03-25T15:07:09.199Z] Türkkep Otomasyonu Başladı


Inbox taranıyor...

=== ÖZET ===
📁 QRadar taşınan:   0
🚩 QRadar bayrak:    0
🟠 Platin etiketli: 0
🗑️  Service Desk silinen: 0
[2026-03-25T15:07:23.723Z] Tamamlandı.
[2026-03-25T16:07:24.287Z] Türkkep Otomasyonu Başladı


Inbox taranıyor...

=== ÖZET ===
📁 QRadar taşınan:   0
🚩 QRadar bayrak:    0
🟠 Platin etiketli: 0
🗑️  Service Desk silinen: 0
[2026-03-25T16:07:40.160Z] Tamamlandı.
[2026-03-25T17:07:40.720Z] Türkkep Otomasyonu Başladı


Inbox taranıyor...

=== ÖZET ===
📁 QRadar taşınan:   0
🚩 QRadar bayrak:    0
🟠 Platin etiketli: 0
🗑️  Service Desk silinen: 0
[2026-03-25T17:07:55.616Z] Tamamlandı.
[2026-03-25T18:07:56.220Z] Türkkep Otomasyonu Başladı


Inbox taranıyor...

=== ÖZET ===
📁 QRadar taşınan:   0
🚩 QRadar bayrak:    0
🟠 Platin etiketli: 0
🗑️  Service Desk silinen: 0
[2026-03-25T18:08:12.774Z] Tamamlandı.
[2026-03-25T19:08:13.394Z] Türkkep Otomasyonu Başladı


Inbox taranıyor...

=== ÖZET ===
📁 QRadar taşınan:   0
🚩 QRadar bayrak:    0
🟠 Platin etiketli: 0
🗑️  Service Desk silinen: 0
[2026-03-25T19:08:39.661Z] Tamamlandı.
[2026-03-25T20:08:40.192Z] Türkkep Otomasyonu Başladı


Inbox taranıyor...

=== ÖZET ===
📁 QRadar taşınan:   0
🚩 QRadar bayrak:    0
🟠 Platin etiketli: 0
🗑️  Service Desk silinen: 0
[2026-03-25T20:08:57.122Z] Tamamlandı.
[2026-03-25T21:08:57.724Z] Türkkep Otomasyonu Başladı


Inbox taranıyor...

=== ÖZET ===
📁 QRadar taşınan:   0
🚩 QRadar bayrak:    0
🟠 Platin etiketli: 0
🗑️  Service Desk silinen: 0
[2026-03-25T21:09:15.188Z] Tamamlandı.
[2026-03-25T22:09:15.740Z] Türkkep Otomasyonu Başladı


Inbox taranıyor...

=== ÖZET ===
📁 QRadar taşınan:   0
🚩 QRadar bayrak:    0
🟠 Platin etiketli: 0
🗑️  Service Desk silinen: 0
[2026-03-25T22:09:31.527Z] Tamamlandı.
[2026-03-25T23:09:32.064Z] Türkkep Otomasyonu Başladı


Inbox taranıyor...

=== ÖZET ===
📁 QRadar taşınan:   0
🚩 QRadar bayrak:    0
🟠 Platin etiketli: 0
🗑️  Service Desk silinen: 0
[2026-03-25T23:09:46.419Z] Tamamlandı.
[2026-03-26T00:09:46.895Z] Türkkep Otomasyonu Başladı


Inbox taranıyor...

=== ÖZET ===
📁 QRadar taşınan:   0
🚩 QRadar bayrak:    0
🟠 Platin etiketli: 0
🗑️  Service Desk silinen: 0
[2026-03-26T00:09:59.876Z] Tamamlandı.
[2026-03-26T01:10:00.461Z] Türkkep Otomasyonu Başladı


Inbox taranıyor...

=== ÖZET ===
📁 QRadar taşınan:   0
🚩 QRadar bayrak:    0
🟠 Platin etiketli: 0
🗑️  Service Desk silinen: 0
[2026-03-26T01:10:26.749Z] Tamamlandı.
[2026-03-26T02:10:27.258Z] Türkkep Otomasyonu Başladı


Inbox taranıyor...

=== ÖZET ===
📁 QRadar taşınan:   0
🚩 QRadar bayrak:    0
🟠 Platin etiketli: 0
🗑️  Service Desk silinen: 0
[2026-03-26T02:10:42.581Z] Tamamlandı.
[2026-03-26T03:10:43.172Z] Türkkep Otomasyonu Başladı


Inbox taranıyor...

=== ÖZET ===
📁 QRadar taşınan:   0
🚩 QRadar bayrak:    0
🟠 Platin etiketli: 0
🗑️  Service Desk silinen: 0
[2026-03-26T03:10:59.654Z] Tamamlandı.
[2026-03-26T04:11:00.213Z] Türkkep Otomasyonu Başladı


Inbox taranıyor...

=== ÖZET ===
📁 QRadar taşınan:   0
🚩 QRadar bayrak:    0
🟠 Platin etiketli: 0
🗑️  Service Desk silinen: 0
[2026-03-26T04:11:13.414Z] Tamamlandı.
[2026-03-26T05:11:13.908Z] Türkkep Otomasyonu Başladı


Inbox taranıyor...

=== ÖZET ===
📁 QRadar taşınan:   0
🚩 QRadar bayrak:    0
🟠 Platin etiketli: 0
🗑️  Service Desk silinen: 0
[2026-03-26T05:11:27.807Z] Tamamlandı.
[2026-03-26T06:11:28.330Z] Türkkep Otomasyonu Başladı


Inbox taranıyor...

=== ÖZET ===
📁 QRadar taşınan:   0
🚩 QRadar bayrak:    0
🟠 Platin etiketli: 0
🗑️  Service Desk silinen: 0
[2026-03-26T06:11:42.869Z] Tamamlandı.
[2026-03-26T07:11:43.339Z] Türkkep Otomasyonu Başladı


Inbox taranıyor...

=== ÖZET ===
📁 QRadar taşınan:   0
🚩 QRadar bayrak:    0
🟠 Platin etiketli: 0
🗑️  Service Desk silinen: 0
[2026-03-26T07:11:58.406Z] Tamamlandı.
[2026-03-26T08:11:58.980Z] Türkkep Otomasyonu Başladı


Inbox taranıyor...

=== ÖZET ===
📁 QRadar taşınan:   0
🚩 QRadar bayrak:    0
🟠 Platin etiketli: 0
🗑️  Service Desk silinen: 0
[2026-03-26T08:12:14.429Z] Tamamlandı.
[2026-03-26T09:12:15.040Z] Türkkep Otomasyonu Başladı


Inbox taranıyor...

=== ÖZET ===
📁 QRadar taşınan:   0
🚩 QRadar bayrak:    0
🟠 Platin etiketli: 0
🗑️  Service Desk silinen: 0
[2026-03-26T09:12:31.065Z] Tamamlandı.
[2026-03-26T10:12:31.731Z] Türkkep Otomasyonu Başladı


Inbox taranıyor...

=== ÖZET ===
📁 QRadar taşınan:   0
🚩 QRadar bayrak:    0
🟠 Platin etiketli: 0
🗑️  Service Desk silinen: 0
[2026-03-26T10:12:48.042Z] Tamamlandı.
[2026-03-26T11:12:48.651Z] Türkkep Otomasyonu Başladı


Inbox taranıyor...

=== ÖZET ===
📁 QRadar taşınan:   0
🚩 QRadar bayrak:    0
🟠 Platin etiketli: 0
🗑️  Service Desk silinen: 0
[2026-03-26T11:13:03.492Z] Tamamlandı.
[2026-03-26T12:13:03.999Z] Türkkep Otomasyonu Başladı


Inbox taranıyor...

=== ÖZET ===
📁 QRadar taşınan:   0
🚩 QRadar bayrak:    0
🟠 Platin etiketli: 0
🗑️  Service Desk silinen: 0
[2026-03-26T12:13:21.129Z] Tamamlandı.
[2026-03-26T13:13:21.761Z] Türkkep Otomasyonu Başladı


Inbox taranıyor...

=== ÖZET ===
📁 QRadar taşınan:   0
🚩 QRadar bayrak:    0
🟠 Platin etiketli: 0
🗑️  Service Desk silinen: 0
[2026-03-26T13:13:38.524Z] Tamamlandı.
[2026-03-26T14:13:39.084Z] Türkkep Otomasyonu Başladı


Inbox taranıyor...

=== ÖZET ===
📁 QRadar taşınan:   0
🚩 QRadar bayrak:    0
🟠 Platin etiketli: 0
🗑️  Service Desk silinen: 0
[2026-03-26T14:13:57.791Z] Tamamlandı.
[2026-03-26T15:13:58.304Z] Türkkep Otomasyonu Başladı


Inbox taranıyor...

=== ÖZET ===
📁 QRadar taşınan:   0
🚩 QRadar bayrak:    0
🟠 Platin etiketli: 0
🗑️  Service Desk silinen: 0
[2026-03-26T15:14:13.431Z] Tamamlandı.
[2026-03-26T16:14:14.055Z] Türkkep Otomasyonu Başladı


Inbox taranıyor...

=== ÖZET ===
📁 QRadar taşınan:   0
🚩 QRadar bayrak:    0
🟠 Platin etiketli: 0
🗑️  Service Desk silinen: 0
[2026-03-26T16:14:29.484Z] Tamamlandı.
[2026-03-26T17:14:30.090Z] Türkkep Otomasyonu Başladı


Inbox taranıyor...

=== ÖZET ===
📁 QRadar taşınan:   0
🚩 QRadar bayrak:    0
🟠 Platin etiketli: 0
🗑️  Service Desk silinen: 0
[2026-03-26T17:14:44.080Z] Tamamlandı.
[2026-03-26T18:14:44.704Z] Türkkep Otomasyonu Başladı


Inbox taranıyor...

=== ÖZET ===
📁 QRadar taşınan:   0
🚩 QRadar bayrak:    0
🟠 Platin etiketli: 0
🗑️  Service Desk silinen: 0
[2026-03-26T18:14:58.894Z] Tamamlandı.
[2026-03-26T19:14:59.533Z] Türkkep Otomasyonu Başladı


Inbox taranıyor...

=== ÖZET ===
📁 QRadar taşınan:   0
🚩 QRadar bayrak:    0
🟠 Platin etiketli: 0
🗑️  Service Desk silinen: 0
[2026-03-26T19:15:15.055Z] Tamamlandı.
[2026-03-26T20:15:15.634Z] Türkkep Otomasyonu Başladı


Inbox taranıyor...

=== ÖZET ===
📁 QRadar taşınan:   0
🚩 QRadar bayrak:    0
🟠 Platin etiketli: 0
🗑️  Service Desk silinen: 0
[2026-03-26T20:15:32.011Z] Tamamlandı.
[2026-03-26T21:15:32.564Z] Türkkep Otomasyonu Başladı


Inbox taranıyor...

=== ÖZET ===
📁 QRadar taşınan:   0
🚩 QRadar bayrak:    0
🟠 Platin etiketli: 0
🗑️  Service Desk silinen: 0
[2026-03-26T21:15:46.993Z] Tamamlandı.
[2026-03-26T22:15:47.634Z] Türkkep Otomasyonu Başladı


Inbox taranıyor...

=== ÖZET ===
📁 QRadar taşınan:   0
🚩 QRadar bayrak:    0
🟠 Platin etiketli: 0
🗑️  Service Desk silinen: 0
[2026-03-26T22:16:00.933Z] Tamamlandı.
[2026-03-26T23:16:01.441Z] Türkkep Otomasyonu Başladı


Inbox taranıyor...

=== ÖZET ===
📁 QRadar taşınan:   0
🚩 QRadar bayrak:    0
🟠 Platin etiketli: 0
🗑️  Service Desk silinen: 0
[2026-03-26T23:16:14.054Z] Tamamlandı.
[2026-03-27T00:16:14.604Z] Türkkep Otomasyonu Başladı


Inbox taranıyor...

=== ÖZET ===
📁 QRadar taşınan:   0
🚩 QRadar bayrak:    0
🟠 Platin etiketli: 0
🗑️  Service Desk silinen: 0
[2026-03-27T00:16:28.080Z] Tamamlandı.
[2026-03-27T01:16:29.236Z] Türkkep Otomasyonu Başladı


Inbox taranıyor...

=== ÖZET ===
📁 QRadar taşınan:   0
🚩 QRadar bayrak:    0
🟠 Platin etiketli: 0
🗑️  Service Desk silinen: 0
[2026-03-27T01:16:42.759Z] Tamamlandı.
[2026-03-27T02:16:43.269Z] Türkkep Otomasyonu Başladı


Inbox taranıyor...

=== ÖZET ===
📁 QRadar taşınan:   0
🚩 QRadar bayrak:    0
🟠 Platin etiketli: 0
🗑️  Service Desk silinen: 0
[2026-03-27T02:16:57.179Z] Tamamlandı.
[2026-03-27T03:16:57.846Z] Türkkep Otomasyonu Başladı


Inbox taranıyor...

=== ÖZET ===
📁 QRadar taşınan:   0
🚩 QRadar bayrak:    0
🟠 Platin etiketli: 0
🗑️  Service Desk silinen: 0
[2026-03-27T03:17:11.884Z] Tamamlandı.
[2026-03-27T04:17:12.553Z] Türkkep Otomasyonu Başladı


Inbox taranıyor...

=== ÖZET ===
📁 QRadar taşınan:   0
🚩 QRadar bayrak:    0
🟠 Platin etiketli: 0
🗑️  Service Desk silinen: 0
[2026-03-27T04:17:31.369Z] Tamamlandı.
[2026-03-27T05:17:32.001Z] Türkkep Otomasyonu Başladı


Inbox taranıyor...

=== ÖZET ===
📁 QRadar taşınan:   0
🚩 QRadar bayrak:    0
🟠 Platin etiketli: 0
🗑️  Service Desk silinen: 0
[2026-03-27T05:17:44.852Z] Tamamlandı.
[2026-03-27T06:17:45.410Z] Türkkep Otomasyonu Başladı


Inbox taranıyor...

=== ÖZET ===
📁 QRadar taşınan:   0
🚩 QRadar bayrak:    0
🟠 Platin etiketli: 0
🗑️  Service Desk silinen: 0
[2026-03-27T06:18:00.091Z] Tamamlandı.
[2026-03-27T07:18:00.738Z] Türkkep Otomasyonu Başladı


Inbox taranıyor...

=== ÖZET ===
📁 QRadar taşınan:   0
🚩 QRadar bayrak:    0
🟠 Platin etiketli: 0
🗑️  Service Desk silinen: 0
[2026-03-27T07:18:15.426Z] Tamamlandı.
[2026-03-27T08:18:16.084Z] Türkkep Otomasyonu Başladı


Inbox taranıyor...

=== ÖZET ===
📁 QRadar taşınan:   0
🚩 QRadar bayrak:    0
🟠 Platin etiketli: 0
🗑️  Service Desk silinen: 0
[2026-03-27T08:18:30.943Z] Tamamlandı.
[2026-03-27T09:18:31.633Z] Türkkep Otomasyonu Başladı


Inbox taranıyor...

=== ÖZET ===
📁 QRadar taşınan:   0
🚩 QRadar bayrak:    0
🟠 Platin etiketli: 0
🗑️  Service Desk silinen: 0
[2026-03-27T09:18:47.859Z] Tamamlandı.
[2026-03-27T10:18:48.388Z] Türkkep Otomasyonu Başladı


Inbox taranıyor...

=== ÖZET ===
📁 QRadar taşınan:   0
🚩 QRadar bayrak:    0
🟠 Platin etiketli: 0
🗑️  Service Desk silinen: 0
[2026-03-27T10:19:03.352Z] Tamamlandı.
[2026-03-27T11:19:03.879Z] Türkkep Otomasyonu Başladı


Inbox taranıyor...

=== ÖZET ===
📁 QRadar taşınan:   0
🚩 QRadar bayrak:    0
🟠 Platin etiketli: 0
🗑️  Service Desk silinen: 0
[2026-03-27T11:19:19.106Z] Tamamlandı.
[2026-03-27T12:19:19.754Z] Türkkep Otomasyonu Başladı


Inbox taranıyor...

=== ÖZET ===
📁 QRadar taşınan:   0
🚩 QRadar bayrak:    0
🟠 Platin etiketli: 0
🗑️  Service Desk silinen: 0
[2026-03-27T12:19:36.278Z] Tamamlandı.
[2026-03-27T13:19:36.925Z] Türkkep Otomasyonu Başladı


Inbox taranıyor...

=== ÖZET ===
📁 QRadar taşınan:   0
🚩 QRadar bayrak:    0
🟠 Platin etiketli: 0
🗑️  Service Desk silinen: 0
[2026-03-27T13:19:52.316Z] Tamamlandı.
[2026-03-27T14:19:52.896Z] Türkkep Otomasyonu Başladı


Inbox taranıyor...

=== ÖZET ===
📁 QRadar taşınan:   0
🚩 QRadar bayrak:    0
🟠 Platin etiketli: 0
🗑️  Service Desk silinen: 0
[2026-03-27T14:20:07.038Z] Tamamlandı.
[2026-03-27T15:20:07.617Z] Türkkep Otomasyonu Başladı


Inbox taranıyor...

=== ÖZET ===
📁 QRadar taşınan:   0
🚩 QRadar bayrak:    0
🟠 Platin etiketli: 0
🗑️  Service Desk silinen: 0
[2026-03-27T15:20:21.960Z] Tamamlandı.
[2026-03-27T16:20:22.608Z] Türkkep Otomasyonu Başladı


Inbox taranıyor...

=== ÖZET ===
📁 QRadar taşınan:   0
🚩 QRadar bayrak:    0
🟠 Platin etiketli: 0
🗑️  Service Desk silinen: 0
[2026-03-27T16:20:37.650Z] Tamamlandı.
[2026-03-27T17:20:38.168Z] Türkkep Otomasyonu Başladı


Inbox taranıyor...

=== ÖZET ===
📁 QRadar taşınan:   0
🚩 QRadar bayrak:    0
🟠 Platin etiketli: 0
🗑️  Service Desk silinen: 0
[2026-03-27T17:20:51.913Z] Tamamlandı.
[2026-03-27T18:20:52.408Z] Türkkep Otomasyonu Başladı


Inbox taranıyor...

=== ÖZET ===
📁 QRadar taşınan:   0
🚩 QRadar bayrak:    0
🟠 Platin etiketli: 0
🗑️  Service Desk silinen: 0
[2026-03-27T18:21:06.834Z] Tamamlandı.
[2026-03-27T19:21:07.331Z] Türkkep Otomasyonu Başladı


Inbox taranıyor...

=== ÖZET ===
📁 QRadar taşınan:   0
🚩 QRadar bayrak:    0
🟠 Platin etiketli: 0
🗑️  Service Desk silinen: 0
[2026-03-27T19:21:22.029Z] Tamamlandı.
[2026-03-27T20:21:22.613Z] Türkkep Otomasyonu Başladı


Inbox taranıyor...

=== ÖZET ===
📁 QRadar taşınan:   0
🚩 QRadar bayrak:    0
🟠 Platin etiketli: 0
🗑️  Service Desk silinen: 0
[2026-03-27T20:21:36.086Z] Tamamlandı.
[2026-03-27T21:21:36.756Z] Türkkep Otomasyonu Başladı


Inbox taranıyor...

=== ÖZET ===
📁 QRadar taşınan:   0
🚩 QRadar bayrak:    0
🟠 Platin etiketli: 0
🗑️  Service Desk silinen: 0
[2026-03-27T21:21:49.862Z] Tamamlandı.
[2026-03-27T22:21:50.482Z] Türkkep Otomasyonu Başladı


Inbox taranıyor...

=== ÖZET ===
📁 QRadar taşınan:   0
🚩 QRadar bayrak:    0
🟠 Platin etiketli: 0
🗑️  Service Desk silinen: 0
[2026-03-27T22:22:02.747Z] Tamamlandı.
[2026-03-27T23:22:03.392Z] Türkkep Otomasyonu Başladı


Inbox taranıyor...

=== ÖZET ===
📁 QRadar taşınan:   0
🚩 QRadar bayrak:    0
🟠 Platin etiketli: 0
🗑️  Service Desk silinen: 0
[2026-03-27T23:22:16.196Z] Tamamlandı.
[2026-03-28T00:22:16.796Z] Türkkep Otomasyonu Başladı


Inbox taranıyor...

=== ÖZET ===
📁 QRadar taşınan:   0
🚩 QRadar bayrak:    0
🟠 Platin etiketli: 0
🗑️  Service Desk silinen: 0
[2026-03-28T00:22:28.592Z] Tamamlandı.
[2026-03-28T01:22:29.210Z] Türkkep Otomasyonu Başladı


Inbox taranıyor...

=== ÖZET ===
📁 QRadar taşınan:   0
🚩 QRadar bayrak:    0
🟠 Platin etiketli: 0
🗑️  Service Desk silinen: 0
[2026-03-28T01:22:41.089Z] Tamamlandı.
[2026-03-28T02:22:41.716Z] Türkkep Otomasyonu Başladı


Inbox taranıyor...

=== ÖZET ===
📁 QRadar taşınan:   0
🚩 QRadar bayrak:    0
🟠 Platin etiketli: 0
🗑️  Service Desk silinen: 0
[2026-03-28T02:22:53.419Z] Tamamlandı.
[2026-03-28T03:22:54.074Z] Türkkep Otomasyonu Başladı


Inbox taranıyor...

=== ÖZET ===
📁 QRadar taşınan:   0
🚩 QRadar bayrak:    0
🟠 Platin etiketli: 0
🗑️  Service Desk silinen: 0
[2026-03-28T03:23:06.668Z] Tamamlandı.
[2026-03-28T04:23:07.255Z] Türkkep Otomasyonu Başladı


Inbox taranıyor...

=== ÖZET ===
📁 QRadar taşınan:   0
🚩 QRadar bayrak:    0
🟠 Platin etiketli: 0
🗑️  Service Desk silinen: 0
[2026-03-28T04:23:18.457Z] Tamamlandı.
[2026-03-28T05:23:19.135Z] Türkkep Otomasyonu Başladı


Inbox taranıyor...

=== ÖZET ===
📁 QRadar taşınan:   0
🚩 QRadar bayrak:    0
🟠 Platin etiketli: 0
🗑️  Service Desk silinen: 0
[2026-03-28T05:23:30.504Z] Tamamlandı.
[2026-03-28T06:23:31.142Z] Türkkep Otomasyonu Başladı


Inbox taranıyor...

=== ÖZET ===
📁 QRadar taşınan:   0
🚩 QRadar bayrak:    0
🟠 Platin etiketli: 0
🗑️  Service Desk silinen: 0
[2026-03-28T06:23:42.515Z] Tamamlandı.
[2026-03-28T07:23:43.056Z] Türkkep Otomasyonu Başladı


Inbox taranıyor...

=== ÖZET ===
📁 QRadar taşınan:   0
🚩 QRadar bayrak:    0
🟠 Platin etiketli: 0
🗑️  Service Desk silinen: 0
[2026-03-28T07:24:08.025Z] Tamamlandı.
[2026-03-28T08:24:08.577Z] Türkkep Otomasyonu Başladı


Inbox taranıyor...

=== ÖZET ===
📁 QRadar taşınan:   0
🚩 QRadar bayrak:    0
🟠 Platin etiketli: 0
🗑️  Service Desk silinen: 0
[2026-03-28T08:24:23.546Z] Tamamlandı.
[2026-03-28T09:24:24.143Z] Türkkep Otomasyonu Başladı


Inbox taranıyor...

=== ÖZET ===
📁 QRadar taşınan:   0
🚩 QRadar bayrak:    0
🟠 Platin etiketli: 0
🗑️  Service Desk silinen: 0
[2026-03-28T09:24:37.288Z] Tamamlandı.
[2026-03-28T10:24:37.942Z] Türkkep Otomasyonu Başladı


Inbox taranıyor...

=== ÖZET ===
📁 QRadar taşınan:   0
🚩 QRadar bayrak:    0
🟠 Platin etiketli: 0
🗑️  Service Desk silinen: 0
[2026-03-28T10:24:49.456Z] Tamamlandı.
[2026-03-28T11:24:50.844Z] Türkkep Otomasyonu Başladı


Inbox taranıyor...

=== ÖZET ===
📁 QRadar taşınan:   0
🚩 QRadar bayrak:    0
🟠 Platin etiketli: 0
🗑️  Service Desk silinen: 0
[2026-03-28T11:25:25.439Z] Tamamlandı.
[2026-03-28T12:25:26.687Z] Türkkep Otomasyonu Başladı


Inbox taranıyor...

=== ÖZET ===
📁 QRadar taşınan:   0
🚩 QRadar bayrak:    0
🟠 Platin etiketli: 0
🗑️  Service Desk silinen: 0
[2026-03-28T12:25:59.710Z] Tamamlandı.
[2026-03-28T13:26:00.215Z] Türkkep Otomasyonu Başladı


Inbox taranıyor...

=== ÖZET ===
📁 QRadar taşınan:   0
🚩 QRadar bayrak:    0
🟠 Platin etiketli: 0
🗑️  Service Desk silinen: 0
[2026-03-28T13:26:18.854Z] Tamamlandı.
[2026-03-28T14:26:19.493Z] Türkkep Otomasyonu Başladı


Inbox taranıyor...

=== ÖZET ===
📁 QRadar taşınan:   0
🚩 QRadar bayrak:    0
🟠 Platin etiketli: 0
🗑️  Service Desk silinen: 0
[2026-03-28T14:26:31.898Z] Tamamlandı.
[2026-03-28T15:26:32.430Z] Türkkep Otomasyonu Başladı


Inbox taranıyor...

=== ÖZET ===
📁 QRadar taşınan:   0
🚩 QRadar bayrak:    0
🟠 Platin etiketli: 0
🗑️  Service Desk silinen: 0
[2026-03-28T15:26:44.271Z] Tamamlandı.
[2026-03-28T16:26:44.844Z] Türkkep Otomasyonu Başladı


Inbox taranıyor...

=== ÖZET ===
📁 QRadar taşınan:   0
🚩 QRadar bayrak:    0
🟠 Platin etiketli: 0
🗑️  Service Desk silinen: 0
[2026-03-28T16:26:55.859Z] Tamamlandı.
[2026-03-28T17:26:56.645Z] Türkkep Otomasyonu Başladı


Inbox taranıyor...

=== ÖZET ===
📁 QRadar taşınan:   0
🚩 QRadar bayrak:    0
🟠 Platin etiketli: 0
🗑️  Service Desk silinen: 0
[2026-03-28T17:27:10.005Z] Tamamlandı.
[2026-03-28T18:27:10.554Z] Türkkep Otomasyonu Başladı


Inbox taranıyor...

=== ÖZET ===
📁 QRadar taşınan:   0
🚩 QRadar bayrak:    0
🟠 Platin etiketli: 0
🗑️  Service Desk silinen: 0
[2026-03-28T18:27:24.116Z] Tamamlandı.
[2026-03-28T19:27:24.681Z] Türkkep Otomasyonu Başladı


Inbox taranıyor...

=== ÖZET ===
📁 QRadar taşınan:   0
🚩 QRadar bayrak:    0
🟠 Platin etiketli: 0
🗑️  Service Desk silinen: 0
[2026-03-28T19:27:36.354Z] Tamamlandı.
[2026-03-28T20:27:36.955Z] Türkkep Otomasyonu Başladı


Inbox taranıyor...

=== ÖZET ===
📁 QRadar taşınan:   0
🚩 QRadar bayrak:    0
🟠 Platin etiketli: 0
🗑️  Service Desk silinen: 0
[2026-03-28T20:27:48.228Z] Tamamlandı.
[2026-03-28T21:27:48.800Z] Türkkep Otomasyonu Başladı


Inbox taranıyor...

=== ÖZET ===
📁 QRadar taşınan:   0
🚩 QRadar bayrak:    0
🟠 Platin etiketli: 0
🗑️  Service Desk silinen: 0
[2026-03-28T21:28:00.942Z] Tamamlandı.
[2026-03-28T22:28:01.653Z] Türkkep Otomasyonu Başladı


Inbox taranıyor...

=== ÖZET ===
📁 QRadar taşınan:   0
🚩 QRadar bayrak:    0
🟠 Platin etiketli: 0
🗑️  Service Desk silinen: 0
[2026-03-28T22:28:13.507Z] Tamamlandı.
[2026-03-28T23:28:14.188Z] Türkkep Otomasyonu Başladı


Inbox taranıyor...

=== ÖZET ===
📁 QRadar taşınan:   0
🚩 QRadar bayrak:    0
🟠 Platin etiketli: 0
🗑️  Service Desk silinen: 0
[2026-03-28T23:28:26.428Z] Tamamlandı.
[2026-03-29T00:28:26.929Z] Türkkep Otomasyonu Başladı


Inbox taranıyor...

=== ÖZET ===
📁 QRadar taşınan:   0
🚩 QRadar bayrak:    0
🟠 Platin etiketli: 0
🗑️  Service Desk silinen: 0
[2026-03-29T00:28:39.138Z] Tamamlandı.
[2026-03-29T01:28:39.699Z] Türkkep Otomasyonu Başladı


Inbox taranıyor...

=== ÖZET ===
📁 QRadar taşınan:   0
🚩 QRadar bayrak:    0
🟠 Platin etiketli: 0
🗑️  Service Desk silinen: 0
[2026-03-29T01:28:52.440Z] Tamamlandı.
[2026-03-29T02:28:53.072Z] Türkkep Otomasyonu Başladı


Inbox taranıyor...

=== ÖZET ===
📁 QRadar taşınan:   0
🚩 QRadar bayrak:    0
🟠 Platin etiketli: 0
🗑️  Service Desk silinen: 0
[2026-03-29T02:29:05.663Z] Tamamlandı.
[2026-03-29T03:29:06.191Z] Türkkep Otomasyonu Başladı


Inbox taranıyor...

=== ÖZET ===
📁 QRadar taşınan:   0
🚩 QRadar bayrak:    0
🟠 Platin etiketli: 0
🗑️  Service Desk silinen: 0
[2026-03-29T03:29:18.192Z] Tamamlandı.
[2026-03-29T04:29:18.758Z] Türkkep Otomasyonu Başladı


Inbox taranıyor...

=== ÖZET ===
📁 QRadar taşınan:   0
🚩 QRadar bayrak:    0
🟠 Platin etiketli: 0
🗑️  Service Desk silinen: 0
[2026-03-29T04:29:31.304Z] Tamamlandı.
[2026-03-29T05:29:31.925Z] Türkkep Otomasyonu Başladı


Inbox taranıyor...

=== ÖZET ===
📁 QRadar taşınan:   0
🚩 QRadar bayrak:    0
🟠 Platin etiketli: 0
🗑️  Service Desk silinen: 0
[2026-03-29T05:29:43.251Z] Tamamlandı.
[2026-03-29T06:29:43.846Z] Türkkep Otomasyonu Başladı


Inbox taranıyor...

=== ÖZET ===
📁 QRadar taşınan:   0
🚩 QRadar bayrak:    0
🟠 Platin etiketli: 0
🗑️  Service Desk silinen: 0
[2026-03-29T06:29:55.696Z] Tamamlandı.
[2026-03-29T07:29:56.289Z] Türkkep Otomasyonu Başladı


Inbox taranıyor...

=== ÖZET ===
📁 QRadar taşınan:   0
🚩 QRadar bayrak:    0
🟠 Platin etiketli: 0
🗑️  Service Desk silinen: 0
[2026-03-29T07:30:07.954Z] Tamamlandı.
[2026-03-29T08:30:08.604Z] Türkkep Otomasyonu Başladı


Inbox taranıyor...

=== ÖZET ===
📁 QRadar taşınan:   0
🚩 QRadar bayrak:    0
🟠 Platin etiketli: 0
🗑️  Service Desk silinen: 0
[2026-03-29T08:30:20.162Z] Tamamlandı.
[2026-03-29T09:30:20.751Z] Türkkep Otomasyonu Başladı


Inbox taranıyor...

=== ÖZET ===
📁 QRadar taşınan:   0
🚩 QRadar bayrak:    0
🟠 Platin etiketli: 0
🗑️  Service Desk silinen: 0
[2026-03-29T09:30:32.702Z] Tamamlandı.
[2026-03-29T10:30:33.328Z] Türkkep Otomasyonu Başladı


Inbox taranıyor...

=== ÖZET ===
📁 QRadar taşınan:   0
🚩 QRadar bayrak:    0
🟠 Platin etiketli: 0
🗑️  Service Desk silinen: 0
[2026-03-29T10:30:45.572Z] Tamamlandı.
[2026-03-29T11:30:46.188Z] Türkkep Otomasyonu Başladı


Inbox taranıyor...

=== ÖZET ===
📁 QRadar taşınan:   0
🚩 QRadar bayrak:    0
🟠 Platin etiketli: 0
🗑️  Service Desk silinen: 0
[2026-03-29T11:30:57.428Z] Tamamlandı.
[2026-03-29T12:30:57.949Z] Türkkep Otomasyonu Başladı


Inbox taranıyor...

=== ÖZET ===
📁 QRadar taşınan:   0
🚩 QRadar bayrak:    0
🟠 Platin etiketli: 0
🗑️  Service Desk silinen: 0
[2026-03-29T12:31:11.813Z] Tamamlandı.
[2026-03-29T13:31:12.347Z] Türkkep Otomasyonu Başladı


Inbox taranıyor...

=== ÖZET ===
📁 QRadar taşınan:   0
🚩 QRadar bayrak:    0
🟠 Platin etiketli: 0
🗑️  Service Desk silinen: 0
[2026-03-29T13:31:24.185Z] Tamamlandı.
[2026-03-29T14:31:24.703Z] Türkkep Otomasyonu Başladı


Inbox taranıyor...

=== ÖZET ===
📁 QRadar taşınan:   0
🚩 QRadar bayrak:    0
🟠 Platin etiketli: 0
🗑️  Service Desk silinen: 0
[2026-03-29T14:31:36.749Z] Tamamlandı.
[2026-03-29T15:31:37.360Z] Türkkep Otomasyonu Başladı


Inbox taranıyor...

=== ÖZET ===
📁 QRadar taşınan:   0
🚩 QRadar bayrak:    0
🟠 Platin etiketli: 0
🗑️  Service Desk silinen: 0
[2026-03-29T15:31:49.597Z] Tamamlandı.
[2026-03-29T16:31:50.124Z] Türkkep Otomasyonu Başladı


Inbox taranıyor...

=== ÖZET ===
📁 QRadar taşınan:   0
🚩 QRadar bayrak:    0
🟠 Platin etiketli: 0
🗑️  Service Desk silinen: 0
[2026-03-29T16:32:02.357Z] Tamamlandı.
[2026-03-29T17:32:03.048Z] Türkkep Otomasyonu Başladı


Inbox taranıyor...

=== ÖZET ===
📁 QRadar taşınan:   0
🚩 QRadar bayrak:    0
🟠 Platin etiketli: 0
🗑️  Service Desk silinen: 0
[2026-03-29T17:32:14.726Z] Tamamlandı.
[2026-03-29T18:32:15.334Z] Türkkep Otomasyonu Başladı


Inbox taranıyor...

=== ÖZET ===
📁 QRadar taşınan:   0
🚩 QRadar bayrak:    0
🟠 Platin etiketli: 0
🗑️  Service Desk silinen: 0
[2026-03-29T18:32:27.046Z] Tamamlandı.
[2026-03-29T19:32:27.545Z] Türkkep Otomasyonu Başladı


Inbox taranıyor...

=== ÖZET ===
📁 QRadar taşınan:   0
🚩 QRadar bayrak:    0
🟠 Platin etiketli: 0
🗑️  Service Desk silinen: 0
[2026-03-29T19:32:38.984Z] Tamamlandı.
[2026-03-29T20:32:39.632Z] Türkkep Otomasyonu Başladı


Inbox taranıyor...

=== ÖZET ===
📁 QRadar taşınan:   0
🚩 QRadar bayrak:    0
🟠 Platin etiketli: 0
🗑️  Service Desk silinen: 0
[2026-03-29T20:32:51.526Z] Tamamlandı.
[2026-03-29T21:32:52.175Z] Türkkep Otomasyonu Başladı


Inbox taranıyor...

=== ÖZET ===
📁 QRadar taşınan:   0
🚩 QRadar bayrak:    0
🟠 Platin etiketli: 0
🗑️  Service Desk silinen: 0
[2026-03-29T21:33:03.715Z] Tamamlandı.
[2026-03-29T22:33:04.216Z] Türkkep Otomasyonu Başladı


Inbox taranıyor...

=== ÖZET ===
📁 QRadar taşınan:   0
🚩 QRadar bayrak:    0
🟠 Platin etiketli: 0
🗑️  Service Desk silinen: 0
[2026-03-29T22:33:22.867Z] Tamamlandı.
[2026-03-29T23:33:23.460Z] Türkkep Otomasyonu Başladı


Inbox taranıyor...

=== ÖZET ===
📁 QRadar taşınan:   0
🚩 QRadar bayrak:    0
🟠 Platin etiketli: 0
🗑️  Service Desk silinen: 0
[2026-03-29T23:33:34.704Z] Tamamlandı.
[2026-03-30T00:33:35.213Z] Türkkep Otomasyonu Başladı


Inbox taranıyor...

=== ÖZET ===
📁 QRadar taşınan:   0
🚩 QRadar bayrak:    0
🟠 Platin etiketli: 0
🗑️  Service Desk silinen: 0
[2026-03-30T00:33:46.772Z] Tamamlandı.
[2026-03-30T01:33:47.378Z] Türkkep Otomasyonu Başladı


Inbox taranıyor...

=== ÖZET ===
📁 QRadar taşınan:   0
🚩 QRadar bayrak:    0
🟠 Platin etiketli: 0
🗑️  Service Desk silinen: 0
[2026-03-30T01:33:59.267Z] Tamamlandı.
[2026-03-30T02:33:59.812Z] Türkkep Otomasyonu Başladı


Inbox taranıyor...

=== ÖZET ===
📁 QRadar taşınan:   0
🚩 QRadar bayrak:    0
🟠 Platin etiketli: 0
🗑️  Service Desk silinen: 0
[2026-03-30T02:34:11.478Z] Tamamlandı.
[2026-03-30T03:34:12.075Z] Türkkep Otomasyonu Başladı


Inbox taranıyor...

=== ÖZET ===
📁 QRadar taşınan:   0
🚩 QRadar bayrak:    0
🟠 Platin etiketli: 0
🗑️  Service Desk silinen: 0
[2026-03-30T03:34:23.649Z] Tamamlandı.
[2026-03-30T04:34:24.170Z] Türkkep Otomasyonu Başladı


Inbox taranıyor...

=== ÖZET ===
📁 QRadar taşınan:   0
🚩 QRadar bayrak:    0
🟠 Platin etiketli: 0
🗑️  Service Desk silinen: 0
[2026-03-30T04:34:36.244Z] Tamamlandı.
[2026-03-30T05:34:36.849Z] Türkkep Otomasyonu Başladı


Inbox taranıyor...

=== ÖZET ===
📁 QRadar taşınan:   0
🚩 QRadar bayrak:    0
🟠 Platin etiketli: 0
🗑️  Service Desk silinen: 0
[2026-03-30T05:34:51.076Z] Tamamlandı.
[2026-03-30T06:34:51.705Z] Türkkep Otomasyonu Başladı


Inbox taranıyor...

=== ÖZET ===
📁 QRadar taşınan:   0
🚩 QRadar bayrak:    0
🟠 Platin etiketli: 0
🗑️  Service Desk silinen: 0
[2026-03-30T06:35:09.034Z] Tamamlandı.
[2026-03-30T07:35:09.695Z] Türkkep Otomasyonu Başladı


Inbox taranıyor...

=== ÖZET ===
📁 QRadar taşınan:   0
🚩 QRadar bayrak:    0
🟠 Platin etiketli: 0
🗑️  Service Desk silinen: 0
[2026-03-30T07:35:25.741Z] Tamamlandı.
[2026-03-30T08:35:26.345Z] Türkkep Otomasyonu Başladı


Inbox taranıyor...

=== ÖZET ===
📁 QRadar taşınan:   0
🚩 QRadar bayrak:    0
🟠 Platin etiketli: 0
🗑️  Service Desk silinen: 0
[2026-03-30T08:35:42.293Z] Tamamlandı.
[2026-03-30T09:35:42.888Z] Türkkep Otomasyonu Başladı


Inbox taranıyor...

=== ÖZET ===
📁 QRadar taşınan:   0
🚩 QRadar bayrak:    0
🟠 Platin etiketli: 0
🗑️  Service Desk silinen: 0
[2026-03-30T09:35:56.803Z] Tamamlandı.
[2026-03-30T10:35:57.411Z] Türkkep Otomasyonu Başladı


Inbox taranıyor...

=== ÖZET ===
📁 QRadar taşınan:   0
🚩 QRadar bayrak:    0
🟠 Platin etiketli: 0
🗑️  Service Desk silinen: 0
[2026-03-30T10:36:10.549Z] Tamamlandı.
[2026-03-30T11:36:11.273Z] Türkkep Otomasyonu Başladı


Inbox taranıyor...

=== ÖZET ===
📁 QRadar taşınan:   0
🚩 QRadar bayrak:    0
🟠 Platin etiketli: 0
🗑️  Service Desk silinen: 0
[2026-03-30T11:36:26.729Z] Tamamlandı.
[2026-03-30T12:36:27.334Z] Türkkep Otomasyonu Başladı


Inbox taranıyor...

=== ÖZET ===
📁 QRadar taşınan:   0
🚩 QRadar bayrak:    0
🟠 Platin etiketli: 0
🗑️  Service Desk silinen: 0
[2026-03-30T12:36:40.548Z] Tamamlandı.
[2026-03-30T13:36:41.249Z] Türkkep Otomasyonu Başladı


Inbox taranıyor...

=== ÖZET ===
📁 QRadar taşınan:   0
🚩 QRadar bayrak:    0
🟠 Platin etiketli: 0
🗑️  Service Desk silinen: 0
[2026-03-30T13:36:57.576Z] Tamamlandı.
[2026-03-30T14:36:58.056Z] Türkkep Otomasyonu Başladı


Inbox taranıyor...

=== ÖZET ===
📁 QRadar taşınan:   0
🚩 QRadar bayrak:    0
🟠 Platin etiketli: 0
🗑️  Service Desk silinen: 0
[2026-03-30T14:37:11.775Z] Tamamlandı.
[2026-03-30T15:37:12.324Z] Türkkep Otomasyonu Başladı


Inbox taranıyor...

=== ÖZET ===
📁 QRadar taşınan:   0
🚩 QRadar bayrak:    0
🟠 Platin etiketli: 0
🗑️  Service Desk silinen: 0
[2026-03-30T15:37:26.659Z] Tamamlandı.
[2026-03-30T16:37:27.256Z] Türkkep Otomasyonu Başladı


Inbox taranıyor...

=== ÖZET ===
📁 QRadar taşınan:   0
🚩 QRadar bayrak:    0
🟠 Platin etiketli: 0
🗑️  Service Desk silinen: 0
[2026-03-30T16:37:42.766Z] Tamamlandı.
[2026-03-30T17:37:43.321Z] Türkkep Otomasyonu Başladı


Inbox taranıyor...

=== ÖZET ===
📁 QRadar taşınan:   0
🚩 QRadar bayrak:    0
🟠 Platin etiketli: 0
🗑️  Service Desk silinen: 0
[2026-03-30T17:37:56.637Z] Tamamlandı.
[2026-03-30T18:37:57.240Z] Türkkep Otomasyonu Başladı


Inbox taranıyor...

=== ÖZET ===
📁 QRadar taşınan:   0
🚩 QRadar bayrak:    0
🟠 Platin etiketli: 0
🗑️  Service Desk silinen: 0
[2026-03-30T18:38:17.943Z] Tamamlandı.
[2026-03-30T19:38:18.784Z] Türkkep Otomasyonu Başladı


Inbox taranıyor...

=== ÖZET ===
📁 QRadar taşınan:   0
🚩 QRadar bayrak:    0
🟠 Platin etiketli: 0
🗑️  Service Desk silinen: 0
[2026-03-30T19:38:32.960Z] Tamamlandı.
[2026-03-30T20:38:33.509Z] Türkkep Otomasyonu Başladı


Inbox taranıyor...

=== ÖZET ===
📁 QRadar taşınan:   0
🚩 QRadar bayrak:    0
🟠 Platin etiketli: 0
🗑️  Service Desk silinen: 0
[2026-03-30T20:38:47.330Z] Tamamlandı.
[2026-03-30T21:38:47.851Z] Türkkep Otomasyonu Başladı


Inbox taranıyor...

=== ÖZET ===
📁 QRadar taşınan:   0
🚩 QRadar bayrak:    0
🟠 Platin etiketli: 0
🗑️  Service Desk silinen: 0
[2026-03-30T21:39:00.547Z] Tamamlandı.
[2026-03-30T22:39:01.155Z] Türkkep Otomasyonu Başladı


Inbox taranıyor...

=== ÖZET ===
📁 QRadar taşınan:   0
🚩 QRadar bayrak:    0
🟠 Platin etiketli: 0
🗑️  Service Desk silinen: 0
[2026-03-30T22:39:13.415Z] Tamamlandı.
[2026-03-30T23:39:14.030Z] Türkkep Otomasyonu Başladı


Inbox taranıyor...

=== ÖZET ===
📁 QRadar taşınan:   0
🚩 QRadar bayrak:    0
🟠 Platin etiketli: 0
🗑️  Service Desk silinen: 0
[2026-03-30T23:39:26.312Z] Tamamlandı.
[2026-03-31T00:39:26.916Z] Türkkep Otomasyonu Başladı


Inbox taranıyor...

=== ÖZET ===
📁 QRadar taşınan:   0
🚩 QRadar bayrak:    0
🟠 Platin etiketli: 0
🗑️  Service Desk silinen: 0
[2026-03-31T00:39:39.865Z] Tamamlandı.
[2026-03-31T01:39:40.429Z] Türkkep Otomasyonu Başladı


Inbox taranıyor...

=== ÖZET ===
📁 QRadar taşınan:   0
🚩 QRadar bayrak:    0
🟠 Platin etiketli: 0
🗑️  Service Desk silinen: 0
[2026-03-31T01:39:56.699Z] Tamamlandı.
[2026-03-31T02:39:57.276Z] Türkkep Otomasyonu Başladı


Inbox taranıyor...

=== ÖZET ===
📁 QRadar taşınan:   0
🚩 QRadar bayrak:    0
🟠 Platin etiketli: 0
🗑️  Service Desk silinen: 0
[2026-03-31T02:40:12.327Z] Tamamlandı.
[2026-03-31T03:40:12.899Z] Türkkep Otomasyonu Başladı


Inbox taranıyor...

=== ÖZET ===
📁 QRadar taşınan:   0
🚩 QRadar bayrak:    0
🟠 Platin etiketli: 0
🗑️  Service Desk silinen: 0
[2026-03-31T03:40:27.945Z] Tamamlandı.
[2026-03-31T04:40:28.512Z] Türkkep Otomasyonu Başladı


Inbox taranıyor...

=== ÖZET ===
📁 QRadar taşınan:   0
🚩 QRadar bayrak:    0
🟠 Platin etiketli: 0
🗑️  Service Desk silinen: 0
[2026-03-31T04:40:42.172Z] Tamamlandı.
[2026-03-31T05:40:42.751Z] Türkkep Otomasyonu Başladı


Inbox taranıyor...

=== ÖZET ===
📁 QRadar taşınan:   0
🚩 QRadar bayrak:    0
🟠 Platin etiketli: 0
🗑️  Service Desk silinen: 0
[2026-03-31T05:40:56.867Z] Tamamlandı.
[2026-03-31T06:40:57.442Z] Türkkep Otomasyonu Başladı


Inbox taranıyor...

=== ÖZET ===
📁 QRadar taşınan:   0
🚩 QRadar bayrak:    0
🟠 Platin etiketli: 0
🗑️  Service Desk silinen: 0
[2026-03-31T06:41:14.732Z] Tamamlandı.
[2026-03-31T07:41:15.309Z] Türkkep Otomasyonu Başladı


Inbox taranıyor...

=== ÖZET ===
📁 QRadar taşınan:   0
🚩 QRadar bayrak:    0
🟠 Platin etiketli: 0
🗑️  Service Desk silinen: 0
[2026-03-31T07:41:32.820Z] Tamamlandı.
[2026-03-31T08:41:33.444Z] Türkkep Otomasyonu Başladı


Inbox taranıyor...

=== ÖZET ===
📁 QRadar taşınan:   0
🚩 QRadar bayrak:    0
🟠 Platin etiketli: 0
🗑️  Service Desk silinen: 0
[2026-03-31T08:41:50.302Z] Tamamlandı.
[2026-03-31T09:41:50.873Z] Türkkep Otomasyonu Başladı


Inbox taranıyor...

=== ÖZET ===
📁 QRadar taşınan:   0
🚩 QRadar bayrak:    0
🟠 Platin etiketli: 0
🗑️  Service Desk silinen: 0
[2026-03-31T09:42:08.859Z] Tamamlandı.
[2026-03-31T10:42:09.453Z] Türkkep Otomasyonu Başladı


Inbox taranıyor...

=== ÖZET ===
📁 QRadar taşınan:   0
🚩 QRadar bayrak:    0
🟠 Platin etiketli: 0
🗑️  Service Desk silinen: 0
[2026-03-31T10:42:26.130Z] Tamamlandı.
[2026-03-31T11:42:26.804Z] Türkkep Otomasyonu Başladı


Inbox taranıyor...

=== ÖZET ===
📁 QRadar taşınan:   0
🚩 QRadar bayrak:    0
🟠 Platin etiketli: 0
🗑️  Service Desk silinen: 0
[2026-03-31T11:42:43.749Z] Tamamlandı.
[2026-03-31T12:42:44.212Z] Türkkep Otomasyonu Başladı


Inbox taranıyor...

=== ÖZET ===
📁 QRadar taşınan:   0
🚩 QRadar bayrak:    0
🟠 Platin etiketli: 0
🗑️  Service Desk silinen: 0
[2026-03-31T12:43:01.151Z] Tamamlandı.
[2026-03-31T13:43:01.791Z] Türkkep Otomasyonu Başladı


Inbox taranıyor...

=== ÖZET ===
📁 QRadar taşınan:   0
🚩 QRadar bayrak:    0
🟠 Platin etiketli: 0
🗑️  Service Desk silinen: 0
[2026-03-31T13:43:17.211Z] Tamamlandı.
[2026-03-31T14:43:17.835Z] Türkkep Otomasyonu Başladı


Inbox taranıyor...

=== ÖZET ===
📁 QRadar taşınan:   0
🚩 QRadar bayrak:    0
🟠 Platin etiketli: 0
🗑️  Service Desk silinen: 0
[2026-03-31T14:43:33.948Z] Tamamlandı.
[2026-03-31T15:43:34.583Z] Türkkep Otomasyonu Başladı


Inbox taranıyor...

=== ÖZET ===
📁 QRadar taşınan:   0
🚩 QRadar bayrak:    0
🟠 Platin etiketli: 0
🗑️  Service Desk silinen: 0
[2026-03-31T15:43:48.624Z] Tamamlandı.
[2026-03-31T16:43:49.175Z] Türkkep Otomasyonu Başladı


Inbox taranıyor...

=== ÖZET ===
📁 QRadar taşınan:   0
🚩 QRadar bayrak:    0
🟠 Platin etiketli: 0
🗑️  Service Desk silinen: 0
[2026-03-31T16:44:04.597Z] Tamamlandı.
[2026-03-31T17:44:05.085Z] Türkkep Otomasyonu Başladı


Inbox taranıyor...

=== ÖZET ===
📁 QRadar taşınan:   0
🚩 QRadar bayrak:    0
🟠 Platin etiketli: 0
🗑️  Service Desk silinen: 0
[2026-03-31T17:44:17.305Z] Tamamlandı.
[2026-03-31T18:44:17.796Z] Türkkep Otomasyonu Başladı


Inbox taranıyor...

=== ÖZET ===
📁 QRadar taşınan:   0
🚩 QRadar bayrak:    0
🟠 Platin etiketli: 0
🗑️  Service Desk silinen: 0
[2026-03-31T18:44:31.643Z] Tamamlandı.
[2026-03-31T19:44:32.258Z] Türkkep Otomasyonu Başladı


Inbox taranıyor...

=== ÖZET ===
📁 QRadar taşınan:   0
🚩 QRadar bayrak:    0
🟠 Platin etiketli: 0
🗑️  Service Desk silinen: 0
[2026-03-31T19:44:48.672Z] Tamamlandı.
[2026-03-31T20:44:49.287Z] Türkkep Otomasyonu Başladı


Inbox taranıyor...

=== ÖZET ===
📁 QRadar taşınan:   0
🚩 QRadar bayrak:    0
🟠 Platin etiketli: 0
🗑️  Service Desk silinen: 0
[2026-03-31T20:45:02.589Z] Tamamlandı.
[2026-03-31T21:45:03.142Z] Türkkep Otomasyonu Başladı


Inbox taranıyor...

=== ÖZET ===
📁 QRadar taşınan:   0
🚩 QRadar bayrak:    0
🟠 Platin etiketli: 0
🗑️  Service Desk silinen: 0
[2026-03-31T21:45:20.503Z] Tamamlandı.
[2026-03-31T22:45:21.129Z] Türkkep Otomasyonu Başladı


Inbox taranıyor...

=== ÖZET ===
📁 QRadar taşınan:   0
🚩 QRadar bayrak:    0
🟠 Platin etiketli: 0
🗑️  Service Desk silinen: 0
[2026-03-31T22:45:34.058Z] Tamamlandı.
[2026-03-31T23:45:34.636Z] Türkkep Otomasyonu Başladı


Inbox taranıyor...

=== ÖZET ===
📁 QRadar taşınan:   0
🚩 QRadar bayrak:    0
🟠 Platin etiketli: 0
🗑️  Service Desk silinen: 0
[2026-03-31T23:45:46.622Z] Tamamlandı.
[2026-04-01T00:45:47.248Z] Türkkep Otomasyonu Başladı


Inbox taranıyor...

=== ÖZET ===
📁 QRadar taşınan:   0
🚩 QRadar bayrak:    0
🟠 Platin etiketli: 0
🗑️  Service Desk silinen: 0
[2026-04-01T00:45:59.670Z] Tamamlandı.
[2026-04-01T01:46:00.206Z] Türkkep Otomasyonu Başladı


Inbox taranıyor...

=== ÖZET ===
📁 QRadar taşınan:   0
🚩 QRadar bayrak:    0
🟠 Platin etiketli: 0
🗑️  Service Desk silinen: 0
[2026-04-01T01:46:18.231Z] Tamamlandı.
[2026-04-01T02:46:18.798Z] Türkkep Otomasyonu Başladı


Inbox taranıyor...

=== ÖZET ===
📁 QRadar taşınan:   0
🚩 QRadar bayrak:    0
🟠 Platin etiketli: 0
🗑️  Service Desk silinen: 0
[2026-04-01T02:46:46.639Z] Tamamlandı.
[2026-04-01T03:46:47.170Z] Türkkep Otomasyonu Başladı


Inbox taranıyor...

=== ÖZET ===
📁 QRadar taşınan:   0
🚩 QRadar bayrak:    0
🟠 Platin etiketli: 0
🗑️  Service Desk silinen: 0
[2026-04-01T03:46:59.856Z] Tamamlandı.
[2026-04-01T04:47:00.458Z] Türkkep Otomasyonu Başladı


Inbox taranıyor...

=== ÖZET ===
📁 QRadar taşınan:   0
🚩 QRadar bayrak:    0
🟠 Platin etiketli: 0
🗑️  Service Desk silinen: 0
[2026-04-01T04:47:13.147Z] Tamamlandı.
[2026-04-01T05:47:13.725Z] Türkkep Otomasyonu Başladı


Inbox taranıyor...

=== ÖZET ===
📁 QRadar taşınan:   0
🚩 QRadar bayrak:    0
🟠 Platin etiketli: 0
🗑️  Service Desk silinen: 0
[2026-04-01T05:47:29.273Z] Tamamlandı.
[2026-04-01T06:47:29.902Z] Türkkep Otomasyonu Başladı


Inbox taranıyor...

=== ÖZET ===
📁 QRadar taşınan:   0
🚩 QRadar bayrak:    0
🟠 Platin etiketli: 0
🗑️  Service Desk silinen: 0
[2026-04-01T06:47:48.615Z] Tamamlandı.
[2026-04-01T07:47:49.160Z] Türkkep Otomasyonu Başladı


Inbox taranıyor...

=== ÖZET ===
📁 QRadar taşınan:   0
🚩 QRadar bayrak:    0
🟠 Platin etiketli: 0
🗑️  Service Desk silinen: 0
[2026-04-01T07:48:02.210Z] Tamamlandı.
[2026-04-01T08:48:02.694Z] Türkkep Otomasyonu Başladı


Inbox taranıyor...

=== ÖZET ===
📁 QRadar taşınan:   0
🚩 QRadar bayrak:    0
🟠 Platin etiketli: 0
🗑️  Service Desk silinen: 0
[2026-04-01T08:48:16.709Z] Tamamlandı.
[2026-04-01T09:48:17.322Z] Türkkep Otomasyonu Başladı


Inbox taranıyor...

=== ÖZET ===
📁 QRadar taşınan:   0
🚩 QRadar bayrak:    0
🟠 Platin etiketli: 0
🗑️  Service Desk silinen: 0
[2026-04-01T09:48:31.719Z] Tamamlandı.
[2026-04-01T10:48:32.193Z] Türkkep Otomasyonu Başladı


Inbox taranıyor...

=== ÖZET ===
📁 QRadar taşınan:   0
🚩 QRadar bayrak:    0
🟠 Platin etiketli: 0
🗑️  Service Desk silinen: 0
[2026-04-01T10:48:47.377Z] Tamamlandı.
[2026-04-01T11:48:47.966Z] Türkkep Otomasyonu Başladı


Inbox taranıyor...

=== ÖZET ===
📁 QRadar taşınan:   0
🚩 QRadar bayrak:    0
🟠 Platin etiketli: 0
🗑️  Service Desk silinen: 0
[2026-04-01T11:49:04.054Z] Tamamlandı.
[2026-04-01T12:49:04.669Z] Türkkep Otomasyonu Başladı


Inbox taranıyor...

=== ÖZET ===
📁 QRadar taşınan:   0
🚩 QRadar bayrak:    0
🟠 Platin etiketli: 0
🗑️  Service Desk silinen: 0
[2026-04-01T12:49:29.950Z] Tamamlandı.
[2026-04-01T13:49:30.605Z] Türkkep Otomasyonu Başladı


Inbox taranıyor...

=== ÖZET ===
📁 QRadar taşınan:   0
🚩 QRadar bayrak:    0
🟠 Platin etiketli: 0
🗑️  Service Desk silinen: 0
[2026-04-01T13:49:46.434Z] Tamamlandı.
[2026-04-01T14:49:47.077Z] Türkkep Otomasyonu Başladı


Inbox taranıyor...

=== ÖZET ===
📁 QRadar taşınan:   0
🚩 QRadar bayrak:    0
🟠 Platin etiketli: 0
🗑️  Service Desk silinen: 0
[2026-04-01T14:50:00.570Z] Tamamlandı.
[2026-04-01T15:50:01.140Z] Türkkep Otomasyonu Başladı


Inbox taranıyor...

=== ÖZET ===
📁 QRadar taşınan:   0
🚩 QRadar bayrak:    0
🟠 Platin etiketli: 0
🗑️  Service Desk silinen: 0
[2026-04-01T15:50:27.743Z] Tamamlandı.
[2026-04-01T16:50:28.232Z] Türkkep Otomasyonu Başladı


Inbox taranıyor...

=== ÖZET ===
📁 QRadar taşınan:   0
🚩 QRadar bayrak:    0
🟠 Platin etiketli: 0
🗑️  Service Desk silinen: 0
[2026-04-01T16:50:42.286Z] Tamamlandı.
[2026-04-01T17:50:42.790Z] Türkkep Otomasyonu Başladı


Inbox taranıyor...

=== ÖZET ===
📁 QRadar taşınan:   0
🚩 QRadar bayrak:    0
🟠 Platin etiketli: 0
🗑️  Service Desk silinen: 0
[2026-04-01T17:50:57.085Z] Tamamlandı.
[2026-04-01T18:50:57.754Z] Türkkep Otomasyonu Başladı


Inbox taranıyor...

=== ÖZET ===
📁 QRadar taşınan:   0
🚩 QRadar bayrak:    0
🟠 Platin etiketli: 0
🗑️  Service Desk silinen: 0
[2026-04-01T18:51:13.459Z] Tamamlandı.
[2026-04-01T19:51:14.809Z] Türkkep Otomasyonu Başladı


Inbox taranıyor...

=== ÖZET ===
📁 QRadar taşınan:   0
🚩 QRadar bayrak:    0
🟠 Platin etiketli: 0
🗑️  Service Desk silinen: 0
[2026-04-01T19:51:31.215Z] Tamamlandı.
[2026-04-01T20:51:31.814Z] Türkkep Otomasyonu Başladı


Inbox taranıyor...

=== ÖZET ===
📁 QRadar taşınan:   0
🚩 QRadar bayrak:    0
🟠 Platin etiketli: 0
🗑️  Service Desk silinen: 0
[2026-04-01T20:52:00.352Z] Tamamlandı.
[2026-04-01T21:52:00.995Z] Türkkep Otomasyonu Başladı


Inbox taranıyor...

=== ÖZET ===
📁 QRadar taşınan:   0
🚩 QRadar bayrak:    0
🟠 Platin etiketli: 0
🗑️  Service Desk silinen: 0
[2026-04-01T21:52:14.176Z] Tamamlandı.
[2026-04-01T22:52:14.724Z] Türkkep Otomasyonu Başladı


Inbox taranıyor...

=== ÖZET ===
📁 QRadar taşınan:   0
🚩 QRadar bayrak:    0
🟠 Platin etiketli: 0
🗑️  Service Desk silinen: 0
[2026-04-01T22:52:29.169Z] Tamamlandı.
[2026-04-01T23:52:29.735Z] Türkkep Otomasyonu Başladı


Inbox taranıyor...

=== ÖZET ===
📁 QRadar taşınan:   0
🚩 QRadar bayrak:    0
🟠 Platin etiketli: 0
🗑️  Service Desk silinen: 0
[2026-04-01T23:52:43.366Z] Tamamlandı.
[2026-04-02T00:52:43.869Z] Türkkep Otomasyonu Başladı


Inbox taranıyor...

=== ÖZET ===
📁 QRadar taşınan:   0
🚩 QRadar bayrak:    0
🟠 Platin etiketli: 0
🗑️  Service Desk silinen: 0
[2026-04-02T00:52:56.964Z] Tamamlandı.
[2026-04-02T01:52:57.529Z] Türkkep Otomasyonu Başladı


Inbox taranıyor...

=== ÖZET ===
📁 QRadar taşınan:   0
🚩 QRadar bayrak:    0
🟠 Platin etiketli: 0
🗑️  Service Desk silinen: 0
[2026-04-02T01:53:10.562Z] Tamamlandı.
[2026-04-02T02:53:11.105Z] Türkkep Otomasyonu Başladı


Inbox taranıyor...

=== ÖZET ===
📁 QRadar taşınan:   0
🚩 QRadar bayrak:    0
🟠 Platin etiketli: 0
🗑️  Service Desk silinen: 0
[2026-04-02T02:53:23.998Z] Tamamlandı.
[2026-04-02T03:53:24.611Z] Türkkep Otomasyonu Başladı


Inbox taranıyor...

=== ÖZET ===
📁 QRadar taşınan:   0
🚩 QRadar bayrak:    0
🟠 Platin etiketli: 0
🗑️  Service Desk silinen: 0
[2026-04-02T03:53:37.908Z] Tamamlandı.
[2026-04-02T04:53:38.586Z] Türkkep Otomasyonu Başladı


Inbox taranıyor...

=== ÖZET ===
📁 QRadar taşınan:   0
🚩 QRadar bayrak:    0
🟠 Platin etiketli: 0
🗑️  Service Desk silinen: 0
[2026-04-02T04:53:52.602Z] Tamamlandı.
[2026-04-02T05:53:53.110Z] Türkkep Otomasyonu Başladı


Inbox taranıyor...

=== ÖZET ===
📁 QRadar taşınan:   0
🚩 QRadar bayrak:    0
🟠 Platin etiketli: 0
🗑️  Service Desk silinen: 0
[2026-04-02T05:54:08.289Z] Tamamlandı.
[2026-04-02T06:54:08.855Z] Türkkep Otomasyonu Başladı


Inbox taranıyor...

=== ÖZET ===
📁 QRadar taşınan:   0
🚩 QRadar bayrak:    0
🟠 Platin etiketli: 0
🗑️  Service Desk silinen: 0
[2026-04-02T06:54:27.266Z] Tamamlandı.
[2026-04-02T07:54:27.751Z] Türkkep Otomasyonu Başladı


Inbox taranıyor...

=== ÖZET ===
📁 QRadar taşınan:   0
🚩 QRadar bayrak:    0
🟠 Platin etiketli: 0
🗑️  Service Desk silinen: 0
[2026-04-02T07:54:44.419Z] Tamamlandı.
[2026-04-02T08:54:44.978Z] Türkkep Otomasyonu Başladı


Inbox taranıyor...

=== ÖZET ===
📁 QRadar taşınan:   0
🚩 QRadar bayrak:    0
🟠 Platin etiketli: 0
🗑️  Service Desk silinen: 0
[2026-04-02T08:55:01.745Z] Tamamlandı.
[2026-04-02T09:55:02.323Z] Türkkep Otomasyonu Başladı


Inbox taranıyor...

=== ÖZET ===
📁 QRadar taşınan:   0
🚩 QRadar bayrak:    0
🟠 Platin etiketli: 0
🗑️  Service Desk silinen: 0
[2026-04-02T09:55:19.179Z] Tamamlandı.
[2026-04-02T10:55:19.682Z] Türkkep Otomasyonu Başladı


Inbox taranıyor...

=== ÖZET ===
📁 QRadar taşınan:   0
🚩 QRadar bayrak:    0
🟠 Platin etiketli: 0
🗑️  Service Desk silinen: 0
[2026-04-02T10:55:34.546Z] Tamamlandı.
[2026-04-02T11:55:35.049Z] Türkkep Otomasyonu Başladı


Inbox taranıyor...

=== ÖZET ===
📁 QRadar taşınan:   0
🚩 QRadar bayrak:    0
🟠 Platin etiketli: 0
🗑️  Service Desk silinen: 0
[2026-04-02T11:55:52.700Z] Tamamlandı.
[2026-04-02T12:55:53.299Z] Türkkep Otomasyonu Başladı


Inbox taranıyor...

=== ÖZET ===
📁 QRadar taşınan:   0
🚩 QRadar bayrak:    0
🟠 Platin etiketli: 0
🗑️  Service Desk silinen: 0
[2026-04-02T12:56:08.184Z] Tamamlandı.
[2026-04-02T13:56:08.691Z] Türkkep Otomasyonu Başladı


Inbox taranıyor...

=== ÖZET ===
📁 QRadar taşınan:   0
🚩 QRadar bayrak:    0
🟠 Platin etiketli: 0
🗑️  Service Desk silinen: 0
[2026-04-02T13:56:23.765Z] Tamamlandı.
[2026-04-02T14:56:24.310Z] Türkkep Otomasyonu Başladı


Inbox taranıyor...

=== ÖZET ===
📁 QRadar taşınan:   0
🚩 QRadar bayrak:    0
🟠 Platin etiketli: 0
🗑️  Service Desk silinen: 0
[2026-04-02T14:56:37.951Z] Tamamlandı.
[2026-04-02T15:56:38.599Z] Türkkep Otomasyonu Başladı


Inbox taranıyor...

=== ÖZET ===
📁 QRadar taşınan:   0
🚩 QRadar bayrak:    0
🟠 Platin etiketli: 0
🗑️  Service Desk silinen: 0
[2026-04-02T15:56:53.635Z] Tamamlandı.
[2026-04-02T17:56:56.219Z] Türkkep Otomasyonu Başladı


Inbox taranıyor...
[2026-04-02T18:56:58.303Z] Türkkep Otomasyonu Başladı


Inbox taranıyor...

=== ÖZET ===
📁 QRadar taşınan:   0
🚩 QRadar bayrak:    0
🟠 Platin etiketli: 0
🗑️  Service Desk silinen: 0
[2026-04-02T18:57:12.616Z] Tamamlandı.
[2026-04-02T19:57:13.227Z] Türkkep Otomasyonu Başladı


Inbox taranıyor...

=== ÖZET ===
📁 QRadar taşınan:   0
🚩 QRadar bayrak:    0
🟠 Platin etiketli: 0
🗑️  Service Desk silinen: 0
[2026-04-02T19:57:29.230Z] Tamamlandı.
[2026-04-02T20:57:29.804Z] Türkkep Otomasyonu Başladı


Inbox taranıyor...

=== ÖZET ===
📁 QRadar taşınan:   0
🚩 QRadar bayrak:    0
🟠 Platin etiketli: 0
🗑️  Service Desk silinen: 0
[2026-04-02T20:57:42.849Z] Tamamlandı.
[2026-04-02T21:57:43.423Z] Türkkep Otomasyonu Başladı


Inbox taranıyor...

=== ÖZET ===
📁 QRadar taşınan:   0
🚩 QRadar bayrak:    0
🟠 Platin etiketli: 0
🗑️  Service Desk silinen: 0
[2026-04-02T21:57:56.710Z] Tamamlandı.
[2026-04-02T22:57:57.207Z] Türkkep Otomasyonu Başladı


Inbox taranıyor...

=== ÖZET ===
📁 QRadar taşınan:   0
🚩 QRadar bayrak:    0
🟠 Platin etiketli: 0
🗑️  Service Desk silinen: 0
[2026-04-02T22:58:13.272Z] Tamamlandı.
[2026-04-02T23:58:13.793Z] Türkkep Otomasyonu Başladı


Inbox taranıyor...

=== ÖZET ===
📁 QRadar taşınan:   0
🚩 QRadar bayrak:    0
🟠 Platin etiketli: 0
🗑️  Service Desk silinen: 0
[2026-04-02T23:58:27.737Z] Tamamlandı.
[2026-04-03T00:58:28.231Z] Türkkep Otomasyonu Başladı


Inbox taranıyor...

=== ÖZET ===
📁 QRadar taşınan:   0
🚩 QRadar bayrak:    0
🟠 Platin etiketli: 0
🗑️  Service Desk silinen: 0
[2026-04-03T00:58:40.951Z] Tamamlandı.
[2026-04-03T01:58:41.551Z] Türkkep Otomasyonu Başladı


Inbox taranıyor...

=== ÖZET ===
📁 QRadar taşınan:   0
🚩 QRadar bayrak:    0
🟠 Platin etiketli: 0
🗑️  Service Desk silinen: 0
[2026-04-03T01:58:54.772Z] Tamamlandı.
[2026-04-03T02:58:55.434Z] Türkkep Otomasyonu Başladı


Inbox taranıyor...

=== ÖZET ===
📁 QRadar taşınan:   0
🚩 QRadar bayrak:    0
🟠 Platin etiketli: 0
🗑️  Service Desk silinen: 0
[2026-04-03T02:59:07.426Z] Tamamlandı.
[2026-04-03T03:59:08.087Z] Türkkep Otomasyonu Başladı


Inbox taranıyor...

=== ÖZET ===
📁 QRadar taşınan:   0
🚩 QRadar bayrak:    0
🟠 Platin etiketli: 0
🗑️  Service Desk silinen: 0
[2026-04-03T03:59:21.456Z] Tamamlandı.
[2026-04-03T04:59:22.025Z] Türkkep Otomasyonu Başladı


Inbox taranıyor...

=== ÖZET ===
📁 QRadar taşınan:   0
🚩 QRadar bayrak:    0
🟠 Platin etiketli: 0
🗑️  Service Desk silinen: 0
[2026-04-03T04:59:35.846Z] Tamamlandı.
[2026-04-03T05:59:36.489Z] Türkkep Otomasyonu Başladı


Inbox taranıyor...

=== ÖZET ===
📁 QRadar taşınan:   0
🚩 QRadar bayrak:    0
🟠 Platin etiketli: 0
🗑️  Service Desk silinen: 0
[2026-04-03T05:59:49.397Z] Tamamlandı.
[2026-04-03T06:59:50.022Z] Türkkep Otomasyonu Başladı


Inbox taranıyor...

=== ÖZET ===
📁 QRadar taşınan:   0
🚩 QRadar bayrak:    0
🟠 Platin etiketli: 0
🗑️  Service Desk silinen: 0
[2026-04-03T07:00:10.741Z] Tamamlandı.
[2026-04-03T08:00:11.294Z] Türkkep Otomasyonu Başladı


Inbox taranıyor...

=== ÖZET ===
📁 QRadar taşınan:   0
🚩 QRadar bayrak:    0
🟠 Platin etiketli: 0
🗑️  Service Desk silinen: 0
[2026-04-03T08:00:26.429Z] Tamamlandı.
