node:internal/modules/run_main:107
    triggerUncaughtException(
    ^

[TypeError: fetch failed] {
  [cause]: Error: unable to verify the first certificate; if the root CA is installed locally, try running Node.js with --use-system-ca
      at TLSSocket.onConnectSecure (node:internal/tls/wrap:1651:34)
      at TLSSocket.emit (node:events:508:20)
      at TLSSocket._finishInit (node:internal/tls/wrap:1097:8)
      at ssl.onhandshakedone (node:internal/tls/wrap:883:12) {
    code: 'UNABLE_TO_VERIFY_LEAF_SIGNATURE'
  }
}

Node.js v25.8.1
node:internal/modules/run_main:107
    triggerUncaughtException(
    ^

[TypeError: fetch failed] {
  [cause]: Error: read ECONNRESET
      at TLSWrap.onStreamRead (node:internal/stream_base_commons:216:20) {
    errno: -54,
    code: 'ECONNRESET',
    syscall: 'read'
  }
}

Node.js v25.8.1
